TN:
SF:public/js/core/SessionSDK.ts
FN:52,(anonymous_0)
FN:84,(anonymous_1)
FN:112,(anonymous_2)
FN:116,(anonymous_3)
FN:126,(anonymous_4)
FN:140,(anonymous_5)
FN:151,(anonymous_6)
FN:160,(anonymous_7)
FN:169,(anonymous_8)
FN:183,(anonymous_9)
FN:192,(anonymous_10)
FN:201,(anonymous_11)
FN:206,(anonymous_12)
FN:214,(anonymous_13)
FN:237,(anonymous_14)
FN:257,(anonymous_15)
FN:276,(anonymous_16)
FN:289,(anonymous_17)
FN:293,(anonymous_18)
FN:303,(anonymous_19)
FN:319,(anonymous_20)
FN:325,(anonymous_21)
FN:338,(anonymous_22)
FN:348,(anonymous_23)
FN:356,(anonymous_24)
FN:366,(anonymous_25)
FN:367,(anonymous_26)
FN:377,(anonymous_27)
FN:387,(anonymous_28)
FN:405,(anonymous_29)
FN:424,(anonymous_30)
FN:433,(anonymous_31)
FN:440,(anonymous_32)
FN:447,(anonymous_33)
FN:454,(anonymous_34)
FN:461,(anonymous_35)
FN:468,(anonymous_36)
FNF:37
FNH:0
FNDA:0,(anonymous_0)
FNDA:0,(anonymous_1)
FNDA:0,(anonymous_2)
FNDA:0,(anonymous_3)
FNDA:0,(anonymous_4)
FNDA:0,(anonymous_5)
FNDA:0,(anonymous_6)
FNDA:0,(anonymous_7)
FNDA:0,(anonymous_8)
FNDA:0,(anonymous_9)
FNDA:0,(anonymous_10)
FNDA:0,(anonymous_11)
FNDA:0,(anonymous_12)
FNDA:0,(anonymous_13)
FNDA:0,(anonymous_14)
FNDA:0,(anonymous_15)
FNDA:0,(anonymous_16)
FNDA:0,(anonymous_17)
FNDA:0,(anonymous_18)
FNDA:0,(anonymous_19)
FNDA:0,(anonymous_20)
FNDA:0,(anonymous_21)
FNDA:0,(anonymous_22)
FNDA:0,(anonymous_23)
FNDA:0,(anonymous_24)
FNDA:0,(anonymous_25)
FNDA:0,(anonymous_26)
FNDA:0,(anonymous_27)
FNDA:0,(anonymous_28)
FNDA:0,(anonymous_29)
FNDA:0,(anonymous_30)
FNDA:0,(anonymous_31)
FNDA:0,(anonymous_32)
FNDA:0,(anonymous_33)
FNDA:0,(anonymous_34)
FNDA:0,(anonymous_35)
FNDA:0,(anonymous_36)
DA:38,0
DA:47,0
DA:48,0
DA:49,0
DA:50,0
DA:53,0
DA:56,0
DA:67,0
DA:75,0
DA:78,0
DA:85,0
DA:86,0
DA:87,0
DA:90,0
DA:91,0
DA:95,0
DA:102,0
DA:105,0
DA:113,0
DA:116,0
DA:117,0
DA:118,0
DA:119,0
DA:121,0
DA:122,0
DA:126,0
DA:127,0
DA:128,0
DA:130,0
DA:131,0
DA:134,0
DA:135,0
DA:140,0
DA:141,0
DA:142,0
DA:145,0
DA:146,0
DA:147,0
DA:151,0
DA:152,0
DA:154,0
DA:155,0
DA:156,0
DA:160,0
DA:161,0
DA:163,0
DA:164,0
DA:165,0
DA:169,0
DA:171,0
DA:172,0
DA:173,0
DA:177,0
DA:178,0
DA:179,0
DA:183,0
DA:184,0
DA:186,0
DA:187,0
DA:188,0
DA:192,0
DA:193,0
DA:195,0
DA:196,0
DA:197,0
DA:201,0
DA:202,0
DA:206,0
DA:207,0
DA:215,0
DA:216,0
DA:219,0
DA:222,0
DA:223,0
DA:227,0
DA:238,0
DA:239,0
DA:240,0
DA:243,0
DA:245,0
DA:251,0
DA:258,0
DA:260,0
DA:261,0
DA:262,0
DA:264,0
DA:265,0
DA:266,0
DA:269,0
DA:270,0
DA:280,0
DA:281,0
DA:283,0
DA:293,0
DA:294,0
DA:295,0
DA:297,0
DA:307,0
DA:308,0
DA:309,0
DA:310,0
DA:311,0
DA:323,0
DA:324,0
DA:325,0
DA:326,0
DA:327,0
DA:329,0
DA:339,0
DA:340,0
DA:341,0
DA:342,0
DA:345,0
DA:346,0
DA:348,0
DA:349,0
DA:357,0
DA:358,0
DA:359,0
DA:367,0
DA:368,0
DA:369,0
DA:378,0
DA:379,0
DA:380,0
DA:388,0
DA:406,0
DA:414,0
DA:416,0
DA:417,0
DA:418,0
DA:425,0
DA:426,0
DA:434,0
DA:441,0
DA:448,0
DA:455,0
DA:462,0
DA:473,0
DA:488,0
DA:489,0
DA:492,0
LF:142
LH:0
BRDA:59,0,0,0
BRDA:59,0,1,0
BRDA:61,1,0,0
BRDA:61,1,1,0
BRDA:62,2,0,0
BRDA:62,2,1,0
BRDA:63,3,0,0
BRDA:63,3,1,0
BRDA:90,4,0,0
BRDA:90,4,1,0
BRDA:113,5,0,0
BRDA:113,5,1,0
BRDA:134,6,0,0
BRDA:134,6,1,0
BRDA:134,7,0,0
BRDA:134,7,1,0
BRDA:171,8,0,0
BRDA:171,8,1,0
BRDA:215,9,0,0
BRDA:215,9,1,0
BRDA:215,10,0,0
BRDA:215,10,1,0
BRDA:222,11,0,0
BRDA:222,11,1,0
BRDA:237,12,0,0
BRDA:238,13,0,0
BRDA:238,13,1,0
BRDA:238,14,0,0
BRDA:238,14,1,0
BRDA:264,15,0,0
BRDA:264,15,1,0
BRDA:280,16,0,0
BRDA:280,16,1,0
BRDA:308,17,0,0
BRDA:308,17,1,0
BRDA:310,18,0,0
BRDA:310,18,1,0
BRDA:324,19,0,0
BRDA:324,19,1,0
BRDA:339,20,0,0
BRDA:339,20,1,0
BRDA:357,21,0,0
BRDA:357,21,1,0
BRDA:368,22,0,0
BRDA:368,22,1,0
BRDA:368,23,0,0
BRDA:368,23,1,0
BRDA:378,24,0,0
BRDA:378,24,1,0
BRDA:388,25,0,0
BRDA:388,25,1,0
BRDA:388,25,2,0
BRDA:388,25,3,0
BRDA:388,25,4,0
BRDA:388,25,5,0
BRDA:388,25,6,0
BRDA:388,25,7,0
BRDA:388,25,8,0
BRDA:388,25,9,0
BRDA:388,25,10,0
BRDA:388,25,11,0
BRDA:425,26,0,0
BRDA:425,26,1,0
BRDA:448,27,0,0
BRDA:448,27,1,0
BRDA:474,28,0,0
BRDA:474,28,1,0
BRDA:475,29,0,0
BRDA:475,29,1,0
BRDA:488,30,0,0
BRDA:488,30,1,0
BRF:71
BRH:0
end_of_record
TN:
SF:public/js/types/index.ts
FN:373,isSensorData
FN:382,isGameSession
FN:389,isGameError
FNF:3
FNH:0
FNDA:0,isSensorData
FNDA:0,isGameSession
FNDA:0,isGameError
DA:373,0
DA:374,0
DA:382,0
DA:383,0
DA:389,0
DA:390,0
LF:6
LH:0
BRDA:374,0,0,0
BRDA:374,0,1,0
BRDA:374,0,2,0
BRDA:374,0,3,0
BRDA:374,0,4,0
BRDA:374,0,5,0
BRDA:383,1,0,0
BRDA:383,1,1,0
BRDA:383,1,2,0
BRDA:383,1,3,0
BRDA:390,2,0,0
BRDA:390,2,1,0
BRDA:390,2,2,0
BRF:13
BRH:0
end_of_record
TN:
SF:public/js/utils/mathUtils.ts
FN:18,clamp
FN:25,lerp
FN:32,mapRange
FN:45,degToRad
FN:52,radToDeg
FN:59,normalizeAngle
FN:68,approximately
FN:77,vec2
FN:84,vec3
FN:91,vectorAdd
FN:98,vectorSubtract
FN:105,vectorMultiply
FN:112,vectorDivide
FN:120,vectorDot
FN:127,vectorCross
FN:134,vectorMagnitude
FN:141,vectorMagnitudeSquared
FN:148,vectorNormalize
FN:157,vectorDistance
FN:165,vectorDistanceSquared
FN:173,vectorRotate
FN:185,vectorLerp
FN:195,vectorReflect
FN:205,pointInCircle
FN:212,pointInRectangle
FN:224,circleCircleCollision
FN:232,circleRectangleCollision
FN:243,rectangleRectangleCollision
FN:255,lineLineIntersection
FN:283,elasticCollision
FN:308,projectileMotion
FN:323,springForce
FN:343,(anonymous_32)
FN:345,(anonymous_33)
FN:346,(anonymous_34)
FN:347,(anonymous_35)
FN:349,(anonymous_36)
FN:350,(anonymous_37)
FN:351,(anonymous_38)
FN:353,(anonymous_39)
FN:354,(anonymous_40)
FN:355,(anonymous_41)
FN:357,(anonymous_42)
FN:362,(anonymous_43)
FN:367,(anonymous_44)
FN:369,(anonymous_45)
FN:398,(anonymous_46)
FN:411,(anonymous_47)
FN:429,(anonymous_48)
FN:434,(anonymous_49)
FN:439,(anonymous_50)
FN:449,randomInt
FN:456,randomFloat
FN:463,randomAngle
FN:470,randomUnitVector
FN:481,randomChoice
FN:488,weightedRandomChoice
FN:493,(anonymous_57)
FN:511,rgbToHex
FN:512,(anonymous_59)
FN:519,hexToRgb
FN:531,lerpColor
FN:548,noise1D
FN:556,noise2D
FNF:64
FNH:0
FNDA:0,clamp
FNDA:0,lerp
FNDA:0,mapRange
FNDA:0,degToRad
FNDA:0,radToDeg
FNDA:0,normalizeAngle
FNDA:0,approximately
FNDA:0,vec2
FNDA:0,vec3
FNDA:0,vectorAdd
FNDA:0,vectorSubtract
FNDA:0,vectorMultiply
FNDA:0,vectorDivide
FNDA:0,vectorDot
FNDA:0,vectorCross
FNDA:0,vectorMagnitude
FNDA:0,vectorMagnitudeSquared
FNDA:0,vectorNormalize
FNDA:0,vectorDistance
FNDA:0,vectorDistanceSquared
FNDA:0,vectorRotate
FNDA:0,vectorLerp
FNDA:0,vectorReflect
FNDA:0,pointInCircle
FNDA:0,pointInRectangle
FNDA:0,circleCircleCollision
FNDA:0,circleRectangleCollision
FNDA:0,rectangleRectangleCollision
FNDA:0,lineLineIntersection
FNDA:0,elasticCollision
FNDA:0,projectileMotion
FNDA:0,springForce
FNDA:0,(anonymous_32)
FNDA:0,(anonymous_33)
FNDA:0,(anonymous_34)
FNDA:0,(anonymous_35)
FNDA:0,(anonymous_36)
FNDA:0,(anonymous_37)
FNDA:0,(anonymous_38)
FNDA:0,(anonymous_39)
FNDA:0,(anonymous_40)
FNDA:0,(anonymous_41)
FNDA:0,(anonymous_42)
FNDA:0,(anonymous_43)
FNDA:0,(anonymous_44)
FNDA:0,(anonymous_45)
FNDA:0,(anonymous_46)
FNDA:0,(anonymous_47)
FNDA:0,(anonymous_48)
FNDA:0,(anonymous_49)
FNDA:0,(anonymous_50)
FNDA:0,randomInt
FNDA:0,randomFloat
FNDA:0,randomAngle
FNDA:0,randomUnitVector
FNDA:0,randomChoice
FNDA:0,weightedRandomChoice
FNDA:0,(anonymous_57)
FNDA:0,rgbToHex
FNDA:0,(anonymous_59)
FNDA:0,hexToRgb
FNDA:0,lerpColor
FNDA:0,noise1D
FNDA:0,noise2D
DA:18,0
DA:19,0
DA:25,0
DA:26,0
DA:32,0
DA:39,0
DA:45,0
DA:46,0
DA:52,0
DA:53,0
DA:59,0
DA:60,0
DA:61,0
DA:62,0
DA:68,0
DA:69,0
DA:77,0
DA:78,0
DA:84,0
DA:85,0
DA:91,0
DA:92,0
DA:98,0
DA:99,0
DA:105,0
DA:106,0
DA:112,0
DA:113,0
DA:114,0
DA:120,0
DA:121,0
DA:127,0
DA:128,0
DA:134,0
DA:135,0
DA:141,0
DA:142,0
DA:148,0
DA:149,0
DA:150,0
DA:151,0
DA:157,0
DA:158,0
DA:159,0
DA:165,0
DA:166,0
DA:167,0
DA:173,0
DA:174,0
DA:175,0
DA:176,0
DA:185,0
DA:186,0
DA:195,0
DA:196,0
DA:197,0
DA:205,0
DA:206,0
DA:212,0
DA:213,0
DA:224,0
DA:225,0
DA:226,0
DA:232,0
DA:233,0
DA:234,0
DA:236,0
DA:237,0
DA:243,0
DA:244,0
DA:255,0
DA:261,0
DA:263,0
DA:265,0
DA:266,0
DA:268,0
DA:269,0
DA:275,0
DA:283,0
DA:290,0
DA:292,0
DA:297,0
DA:302,0
DA:308,0
DA:314,0
DA:323,0
DA:330,0
DA:331,0
DA:332,0
DA:334,0
DA:342,0
DA:343,0
DA:345,0
DA:346,0
DA:347,0
DA:349,0
DA:350,0
DA:351,0
DA:353,0
DA:354,0
DA:355,0
DA:358,0
DA:359,0
DA:363,0
DA:364,0
DA:367,0
DA:370,0
DA:371,0
DA:373,0
DA:374,0
DA:375,0
DA:376,0
DA:377,0
DA:378,0
DA:380,0
DA:388,0
DA:396,0
DA:404,0
DA:405,0
DA:406,0
DA:407,0
DA:408,0
DA:412,0
DA:414,0
DA:415,0
DA:416,0
DA:417,0
DA:419,0
DA:421,0
DA:422,0
DA:423,0
DA:426,0
DA:430,0
DA:431,0
DA:435,0
DA:436,0
DA:440,0
DA:449,0
DA:450,0
DA:456,0
DA:457,0
DA:463,0
DA:464,0
DA:470,0
DA:471,0
DA:472,0
DA:481,0
DA:482,0
DA:488,0
DA:489,0
DA:490,0
DA:493,0
DA:494,0
DA:496,0
DA:497,0
DA:498,0
DA:499,0
DA:503,0
DA:511,0
DA:512,0
DA:513,0
DA:519,0
DA:520,0
DA:521,0
DA:531,0
DA:536,0
DA:548,0
DA:549,0
DA:550,0
DA:556,0
DA:557,0
DA:558,0
DA:563,0
DA:626,0
LF:174
LH:0
BRDA:68,0,0,0
BRDA:77,1,0,0
BRDA:77,2,0,0
BRDA:84,3,0,0
BRDA:84,4,0,0
BRDA:84,5,0,0
BRDA:113,6,0,0
BRDA:113,6,1,0
BRDA:150,7,0,0
BRDA:150,7,1,0
BRDA:214,8,0,0
BRDA:214,8,1,0
BRDA:214,8,2,0
BRDA:214,8,3,0
BRDA:245,9,0,0
BRDA:245,9,1,0
BRDA:245,9,2,0
BRDA:245,9,3,0
BRDA:263,10,0,0
BRDA:263,10,1,0
BRDA:268,11,0,0
BRDA:268,11,1,0
BRDA:268,12,0,0
BRDA:268,12,1,0
BRDA:268,12,2,0
BRDA:268,12,3,0
BRDA:288,13,0,0
BRDA:327,14,0,0
BRDA:328,15,0,0
BRDA:347,16,0,0
BRDA:347,16,1,0
BRDA:351,17,0,0
BRDA:351,17,1,0
BRDA:359,18,0,0
BRDA:359,18,1,0
BRDA:359,19,0,0
BRDA:359,19,1,0
BRDA:364,20,0,0
BRDA:364,20,1,0
BRDA:364,21,0,0
BRDA:364,21,1,0
BRDA:373,22,0,0
BRDA:373,22,1,0
BRDA:375,23,0,0
BRDA:375,23,1,0
BRDA:377,24,0,0
BRDA:377,24,1,0
BRDA:402,25,0,0
BRDA:412,26,0,0
BRDA:412,26,1,0
BRDA:419,27,0,0
BRDA:419,27,1,0
BRDA:421,28,0,0
BRDA:421,28,1,0
BRDA:423,29,0,0
BRDA:423,29,1,0
BRDA:489,30,0,0
BRDA:489,30,1,0
BRDA:498,31,0,0
BRDA:498,31,1,0
BRDA:521,32,0,0
BRDA:521,32,1,0
BRF:62
BRH:0
end_of_record
TN:
SF:public/js/utils/sensorUtils.ts
FN:21,validateSensorData
FN:37,validateOrientation
FN:49,validateAcceleration
FN:61,validateRotationRate
FN:78,correctForScreenOrientation
FN:101,convertToGameCoordinates
FN:117,removeGravity
FN:129,projectTo2D
FN:151,(anonymous_8)
FN:155,(anonymous_9)
FN:171,(anonymous_10)
FN:183,(anonymous_11)
FN:187,(anonymous_12)
FN:195,(anonymous_13)
FN:210,(anonymous_14)
FN:218,applyDeadzone
FN:222,applyDeadzoneVector
FN:229,applyDeadzoneVector3D
FN:242,clamp
FN:249,mapRange
FN:263,normalizeAngle
FN:272,normalizeOrientation
FN:282,(anonymous_22)
FN:287,(anonymous_23)
FN:293,(anonymous_24)
FN:316,(anonymous_25)
FN:322,(anonymous_26)
FN:333,(anonymous_27)
FN:337,(anonymous_28)
FN:345,(anonymous_29)
FN:349,(anonymous_30)
FN:364,(anonymous_31)
FN:371,(anonymous_32)
FN:379,(anonymous_33)
FN:389,vectorMagnitude
FN:399,vectorDistance
FN:408,normalizeVector
FN:421,createSensorSnapshot
FNF:38
FNH:28
FNDA:4,validateSensorData
FNDA:3,validateOrientation
FNDA:1,validateAcceleration
FNDA:1,validateRotationRate
FNDA:3,correctForScreenOrientation
FNDA:1,convertToGameCoordinates
FNDA:1,removeGravity
FNDA:0,projectTo2D
FNDA:2,(anonymous_8)
FNDA:4,(anonymous_9)
FNDA:1,(anonymous_10)
FNDA:1,(anonymous_11)
FNDA:3,(anonymous_12)
FNDA:6,(anonymous_13)
FNDA:0,(anonymous_14)
FNDA:4,applyDeadzone
FNDA:0,applyDeadzoneVector
FNDA:0,applyDeadzoneVector3D
FNDA:3,clamp
FNDA:3,mapRange
FNDA:6,normalizeAngle
FNDA:0,normalizeOrientation
FNDA:1,(anonymous_22)
FNDA:1,(anonymous_23)
FNDA:1,(anonymous_24)
FNDA:0,(anonymous_25)
FNDA:1,(anonymous_26)
FNDA:1,(anonymous_27)
FNDA:3,(anonymous_28)
FNDA:1,(anonymous_29)
FNDA:3,(anonymous_30)
FNDA:1,(anonymous_31)
FNDA:0,(anonymous_32)
FNDA:0,(anonymous_33)
FNDA:5,vectorMagnitude
FNDA:0,vectorDistance
FNDA:2,normalizeVector
FNDA:0,createSensorSnapshot
DA:21,1
DA:22,4
DA:24,3
DA:26,3
DA:37,1
DA:38,3
DA:49,1
DA:50,1
DA:61,1
DA:62,1
DA:78,1
DA:82,3
DA:84,3
DA:86,2
DA:88,1
DA:90,0
DA:92,0
DA:94,0
DA:101,1
DA:106,1
DA:108,1
DA:117,1
DA:119,1
DA:129,1
DA:130,0
DA:132,0
DA:134,0
DA:136,0
DA:138,0
DA:147,1
DA:148,2
DA:152,2
DA:156,4
DA:157,3
DA:158,3
DA:161,1
DA:167,1
DA:168,1
DA:172,1
DA:179,1
DA:180,1
DA:184,1
DA:188,3
DA:190,3
DA:191,0
DA:194,3
DA:195,6
DA:203,3
DA:211,0
DA:218,1
DA:219,4
DA:222,1
DA:223,0
DA:229,1
DA:230,0
DA:242,1
DA:243,3
DA:249,1
DA:256,3
DA:257,3
DA:263,1
DA:264,6
DA:265,6
DA:266,6
DA:272,1
DA:273,0
DA:282,1
DA:283,1
DA:284,1
DA:285,1
DA:288,1
DA:289,1
DA:290,1
DA:294,1
DA:295,0
DA:298,1
DA:317,0
DA:318,0
DA:319,0
DA:323,1
DA:329,1
DA:330,1
DA:334,1
DA:338,3
DA:340,3
DA:341,0
DA:346,1
DA:348,1
DA:349,3
DA:357,1
DA:365,1
DA:367,1
DA:368,1
DA:372,0
DA:374,0
DA:375,0
DA:376,0
DA:380,0
DA:389,1
DA:390,5
DA:391,1
DA:393,4
DA:399,1
DA:400,0
DA:401,0
DA:402,0
DA:408,1
DA:409,2
DA:410,2
DA:412,1
DA:421,1
DA:422,0
DA:424,0
DA:446,1
DA:485,1
LF:115
LH:87
BRDA:22,0,0,1
BRDA:22,0,1,3
BRDA:22,1,0,4
BRDA:22,1,1,3
BRDA:27,2,0,3
BRDA:27,2,1,2
BRDA:27,2,2,2
BRDA:27,2,3,1
BRDA:27,2,4,1
BRDA:27,2,5,1
BRDA:27,2,6,1
BRDA:39,3,0,3
BRDA:39,3,1,3
BRDA:39,3,2,3
BRDA:39,3,3,3
BRDA:39,3,4,3
BRDA:39,3,5,2
BRDA:39,3,6,2
BRDA:51,4,0,1
BRDA:51,4,1,1
BRDA:51,4,2,1
BRDA:51,4,3,1
BRDA:51,4,4,1
BRDA:51,4,5,1
BRDA:51,4,6,1
BRDA:63,5,0,1
BRDA:63,5,1,1
BRDA:63,5,2,1
BRDA:63,5,3,1
BRDA:63,5,4,1
BRDA:63,5,5,1
BRDA:63,5,6,1
BRDA:80,6,0,0
BRDA:84,7,0,2
BRDA:84,7,1,1
BRDA:84,7,2,0
BRDA:84,7,3,0
BRDA:84,7,4,0
BRDA:103,8,0,0
BRDA:104,9,0,0
BRDA:129,10,0,0
BRDA:130,11,0,0
BRDA:130,11,1,0
BRDA:130,11,2,0
BRDA:130,11,3,0
BRDA:151,12,0,0
BRDA:156,13,0,3
BRDA:156,13,1,1
BRDA:183,14,0,0
BRDA:190,15,0,0
BRDA:190,15,1,3
BRDA:218,16,0,0
BRDA:219,17,0,2
BRDA:219,17,1,2
BRDA:222,18,0,0
BRDA:229,19,0,0
BRDA:294,20,0,0
BRDA:294,20,1,1
BRDA:294,21,0,1
BRDA:294,21,1,1
BRDA:294,21,2,1
BRDA:333,22,0,0
BRDA:340,23,0,0
BRDA:340,23,1,3
BRDA:346,24,0,0
BRDA:346,24,1,1
BRDA:365,25,0,0
BRDA:365,25,1,1
BRDA:372,26,0,0
BRDA:372,26,1,0
BRDA:390,27,0,1
BRDA:390,27,1,4
BRDA:410,28,0,1
BRDA:410,28,1,1
BRF:74
BRH:50
end_of_record
TN:
SF:server/AIAssistant.js
FN:21,(anonymous_0)
FN:43,(anonymous_1)
FN:85,(anonymous_2)
FN:133,(anonymous_3)
FN:155,(anonymous_4)
FN:161,(anonymous_5)
FN:172,(anonymous_6)
FN:207,(anonymous_7)
FN:235,(anonymous_8)
FN:262,(anonymous_9)
FN:291,(anonymous_10)
FNF:11
FNH:0
FNDA:0,(anonymous_0)
FNDA:0,(anonymous_1)
FNDA:0,(anonymous_2)
FNDA:0,(anonymous_3)
FNDA:0,(anonymous_4)
FNDA:0,(anonymous_5)
FNDA:0,(anonymous_6)
FNDA:0,(anonymous_7)
FNDA:0,(anonymous_8)
FNDA:0,(anonymous_9)
FNDA:0,(anonymous_10)
DA:10,0
DA:11,0
DA:12,0
DA:13,0
DA:14,0
DA:15,0
DA:16,0
DA:17,0
DA:18,0
DA:22,0
DA:34,0
DA:35,0
DA:36,0
DA:37,0
DA:38,0
DA:40,0
DA:44,0
DA:45,0
DA:48,0
DA:54,0
DA:60,0
DA:68,0
DA:75,0
DA:77,0
DA:80,0
DA:81,0
DA:87,0
DA:128,0
DA:131,0
DA:134,0
DA:136,0
DA:139,0
DA:146,0
DA:147,0
DA:148,0
DA:151,0
DA:152,0
DA:155,0
DA:157,0
DA:158,0
DA:161,0
DA:173,0
DA:174,0
DA:176,0
DA:177,0
DA:181,0
DA:185,0
DA:187,0
DA:194,0
DA:196,0
DA:208,0
DA:209,0
DA:221,0
DA:224,0
DA:225,0
DA:236,0
DA:237,0
DA:248,0
DA:251,0
DA:252,0
DA:263,0
DA:264,0
DA:269,0
DA:270,0
DA:273,0
DA:280,0
DA:281,0
DA:292,0
DA:294,0
DA:299,0
DA:300,0
DA:303,0
DA:319,0
DA:320,0
DA:330,0
LF:75
LH:0
BRDA:146,0,0,0
BRDA:146,0,1,0
BRDA:151,1,0,0
BRDA:151,1,1,0
BRDA:151,2,0,0
BRDA:151,2,1,0
BRDA:172,3,0,0
BRDA:176,4,0,0
BRDA:176,4,1,0
BRDA:235,5,0,0
BRDA:241,6,0,0
BRDA:241,6,1,0
BRDA:269,7,0,0
BRDA:269,7,1,0
BRDA:275,8,0,0
BRDA:275,8,1,0
BRDA:299,9,0,0
BRDA:299,9,1,0
BRDA:308,10,0,0
BRDA:308,10,1,0
BRDA:309,11,0,0
BRDA:309,11,1,0
BRDA:310,12,0,0
BRDA:310,12,1,0
BRDA:313,13,0,0
BRDA:313,13,1,0
BRF:26
BRH:0
end_of_record
TN:
SF:server/AIGameGenerator.js
FN:15,(anonymous_0)
FN:27,(anonymous_1)
FN:34,(anonymous_2)
FN:49,(anonymous_3)
FN:124,(anonymous_4)
FN:182,(anonymous_5)
FN:226,(anonymous_6)
FN:296,(anonymous_7)
FN:354,(anonymous_8)
FN:366,(anonymous_9)
FN:368,(anonymous_10)
FN:410,(anonymous_11)
FN:424,(anonymous_12)
FN:443,(anonymous_13)
FN:447,(anonymous_14)
FN:448,(anonymous_15)
FN:450,(anonymous_16)
FNF:17
FNH:0
FNDA:0,(anonymous_0)
FNDA:0,(anonymous_1)
FNDA:0,(anonymous_2)
FNDA:0,(anonymous_3)
FNDA:0,(anonymous_4)
FNDA:0,(anonymous_5)
FNDA:0,(anonymous_6)
FNDA:0,(anonymous_7)
FNDA:0,(anonymous_8)
FNDA:0,(anonymous_9)
FNDA:0,(anonymous_10)
FNDA:0,(anonymous_11)
FNDA:0,(anonymous_12)
FNDA:0,(anonymous_13)
FNDA:0,(anonymous_14)
FNDA:0,(anonymous_15)
FNDA:0,(anonymous_16)
DA:10,0
DA:11,0
DA:12,0
DA:16,0
DA:17,0
DA:18,0
DA:20,0
DA:21,0
DA:28,0
DA:29,0
DA:32,0
DA:33,0
DA:34,0
DA:37,0
DA:38,0
DA:41,0
DA:42,0
DA:50,0
DA:51,0
DA:52,0
DA:55,0
DA:57,0
DA:58,0
DA:61,0
DA:62,0
DA:65,0
DA:66,0
DA:69,0
DA:70,0
DA:71,0
DA:74,0
DA:75,0
DA:78,0
DA:79,0
DA:81,0
DA:82,0
DA:85,0
DA:101,0
DA:108,0
DA:109,0
DA:112,0
DA:113,0
DA:125,0
DA:126,0
DA:148,0
DA:150,0
DA:151,0
DA:153,0
DA:154,0
DA:155,0
DA:158,0
DA:166,0
DA:171,0
DA:174,0
DA:175,0
DA:183,0
DA:184,0
DA:203,0
DA:205,0
DA:207,0
DA:208,0
DA:209,0
DA:210,0
DA:214,0
DA:215,0
DA:218,0
DA:219,0
DA:227,0
DA:234,0
DA:236,0
DA:237,0
DA:238,0
DA:241,0
DA:242,0
DA:243,0
DA:247,0
DA:248,0
DA:249,0
DA:252,0
DA:253,0
DA:254,0
DA:258,0
DA:259,0
DA:260,0
DA:263,0
DA:264,0
DA:265,0
DA:269,0
DA:270,0
DA:271,0
DA:275,0
DA:276,0
DA:277,0
DA:281,0
DA:282,0
DA:285,0
DA:286,0
DA:287,0
DA:290,0
DA:297,0
DA:298,0
DA:315,0
DA:317,0
DA:318,0
DA:319,0
DA:320,0
DA:321,0
DA:322,0
DA:331,0
DA:335,0
DA:342,0
DA:343,0
DA:355,0
DA:367,0
DA:368,0
DA:370,0
DA:371,0
DA:374,0
DA:377,0
DA:378,0
DA:379,0
DA:383,0
DA:389,0
DA:390,0
DA:391,0
DA:392,0
DA:395,0
DA:398,0
DA:399,0
DA:411,0
DA:412,0
DA:414,0
DA:424,0
DA:431,0
DA:444,0
DA:446,0
DA:447,0
DA:448,0
DA:450,0
DA:452,0
DA:456,0
LF:141
LH:0
BRDA:32,0,0,0
BRDA:32,0,1,0
BRDA:49,1,0,0
BRDA:51,2,0,0
BRDA:51,2,1,0
BRDA:71,3,0,0
BRDA:71,3,1,0
BRDA:90,4,0,0
BRDA:90,4,1,0
BRDA:150,5,0,0
BRDA:150,5,1,0
BRDA:154,6,0,0
BRDA:154,6,1,0
BRDA:205,7,0,0
BRDA:205,7,1,0
BRDA:205,8,0,0
BRDA:205,8,1,0
BRDA:208,9,0,0
BRDA:208,9,1,0
BRDA:236,10,0,0
BRDA:236,10,1,0
BRDA:241,11,0,0
BRDA:241,11,1,0
BRDA:241,12,0,0
BRDA:241,12,1,0
BRDA:247,13,0,0
BRDA:247,13,1,0
BRDA:252,14,0,0
BRDA:252,14,1,0
BRDA:258,15,0,0
BRDA:258,15,1,0
BRDA:258,16,0,0
BRDA:258,16,1,0
BRDA:263,17,0,0
BRDA:263,17,1,0
BRDA:269,18,0,0
BRDA:269,18,1,0
BRDA:269,19,0,0
BRDA:269,19,1,0
BRDA:275,20,0,0
BRDA:275,20,1,0
BRDA:275,21,0,0
BRDA:275,21,1,0
BRDA:296,22,0,0
BRDA:296,23,0,0
BRDA:317,24,0,0
BRDA:317,24,1,0
BRDA:320,25,0,0
BRDA:320,25,1,0
BRDA:354,26,0,0
BRDA:366,27,0,0
BRDA:370,28,0,0
BRDA:370,28,1,0
BRDA:378,29,0,0
BRDA:378,29,1,0
BRDA:389,30,0,0
BRDA:389,30,1,0
BRDA:416,31,0,0
BRDA:416,31,1,0
BRDA:444,32,0,0
BRDA:444,32,1,0
BRDA:447,33,0,0
BRDA:447,33,1,0
BRDA:452,34,0,0
BRDA:452,34,1,0
BRF:65
BRH:0
end_of_record
TN:
SF:server/DocumentEmbedder.js
FN:17,(anonymous_0)
FN:46,(anonymous_1)
FN:64,(anonymous_2)
FN:86,(anonymous_3)
FN:196,(anonymous_4)
FN:220,(anonymous_5)
FN:285,(anonymous_6)
FN:297,(anonymous_7)
FN:309,(anonymous_8)
FN:310,(anonymous_9)
FN:370,(anonymous_10)
FN:461,(anonymous_11)
FN:480,(anonymous_12)
FN:493,(anonymous_13)
FN:504,(anonymous_14)
FN:532,(anonymous_15)
FN:543,(anonymous_16)
FN:550,(anonymous_17)
FN:565,(anonymous_18)
FN:585,(anonymous_19)
FN:619,(anonymous_20)
FNF:21
FNH:0
FNDA:0,(anonymous_0)
FNDA:0,(anonymous_1)
FNDA:0,(anonymous_2)
FNDA:0,(anonymous_3)
FNDA:0,(anonymous_4)
FNDA:0,(anonymous_5)
FNDA:0,(anonymous_6)
FNDA:0,(anonymous_7)
FNDA:0,(anonymous_8)
FNDA:0,(anonymous_9)
FNDA:0,(anonymous_10)
FNDA:0,(anonymous_11)
FNDA:0,(anonymous_12)
FNDA:0,(anonymous_13)
FNDA:0,(anonymous_14)
FNDA:0,(anonymous_15)
FNDA:0,(anonymous_16)
FNDA:0,(anonymous_17)
FNDA:0,(anonymous_18)
FNDA:0,(anonymous_19)
FNDA:0,(anonymous_20)
DA:10,0
DA:11,0
DA:12,0
DA:13,0
DA:14,0
DA:18,0
DA:27,0
DA:32,0
DA:37,0
DA:48,0
DA:49,0
DA:53,0
DA:54,0
DA:58,0
DA:65,0
DA:67,0
DA:69,0
DA:70,0
DA:71,0
DA:72,0
DA:73,0
DA:75,0
DA:79,0
DA:80,0
DA:87,0
DA:88,0
DA:91,0
DA:94,0
DA:95,0
DA:96,0
DA:97,0
DA:98,0
DA:101,0
DA:162,0
DA:165,0
DA:166,0
DA:170,0
DA:173,0
DA:175,0
DA:178,0
DA:179,0
DA:181,0
DA:188,0
DA:189,0
DA:197,0
DA:198,0
DA:200,0
DA:205,0
DA:206,0
DA:209,0
DA:212,0
DA:213,0
DA:221,0
DA:222,0
DA:225,0
DA:228,0
DA:229,0
DA:230,0
DA:234,0
DA:235,0
DA:237,0
DA:238,0
DA:241,0
DA:242,0
DA:244,0
DA:246,0
DA:247,0
DA:251,0
DA:254,0
DA:264,0
DA:265,0
DA:268,0
DA:269,0
DA:273,0
DA:275,0
DA:276,0
DA:280,0
DA:283,0
DA:284,0
DA:285,0
DA:286,0
DA:289,0
DA:298,0
DA:299,0
DA:300,0
DA:302,0
DA:305,0
DA:306,0
DA:307,0
DA:308,0
DA:309,0
DA:310,0
DA:312,0
DA:314,0
DA:315,0
DA:318,0
DA:319,0
DA:321,0
DA:323,0
DA:325,0
DA:327,0
DA:330,0
DA:332,0
DA:334,0
DA:336,0
DA:337,0
DA:338,0
DA:340,0
DA:350,0
DA:354,0
DA:357,0
DA:362,0
DA:363,0
DA:371,0
DA:372,0
DA:373,0
DA:375,0
DA:377,0
DA:401,0
DA:402,0
DA:403,0
DA:404,0
DA:405,0
DA:406,0
DA:407,0
DA:409,0
DA:413,0
DA:415,0
DA:416,0
DA:418,0
DA:419,0
DA:421,0
DA:424,0
DA:426,0
DA:427,0
DA:428,0
DA:430,0
DA:440,0
DA:443,0
DA:446,0
DA:450,0
DA:453,0
DA:454,0
DA:462,0
DA:463,0
DA:466,0
DA:467,0
DA:469,0
DA:470,0
DA:474,0
DA:483,0
DA:484,0
DA:485,0
DA:486,0
DA:488,0
DA:489,0
DA:491,0
DA:493,0
DA:498,0
DA:507,0
DA:508,0
DA:509,0
DA:520,0
DA:521,0
DA:524,0
DA:527,0
DA:528,0
DA:530,0
DA:532,0
DA:537,0
DA:544,0
DA:551,0
DA:552,0
DA:557,0
DA:558,0
DA:562,0
DA:563,0
DA:565,0
DA:566,0
DA:567,0
DA:570,0
DA:577,0
DA:578,0
DA:586,0
DA:587,0
DA:590,0
DA:595,0
DA:596,0
DA:600,0
DA:606,0
DA:608,0
DA:611,0
DA:612,0
DA:620,0
DA:622,0
DA:623,0
DA:624,0
DA:625,0
DA:626,0
DA:628,0
DA:632,0
LF:201
LH:0
BRDA:48,0,0,0
BRDA:48,0,1,0
BRDA:53,1,0,0
BRDA:53,1,1,0
BRDA:97,2,0,0
BRDA:97,2,1,0
BRDA:98,3,0,0
BRDA:98,3,1,0
BRDA:205,4,0,0
BRDA:205,4,1,0
BRDA:220,5,0,0
BRDA:228,6,0,0
BRDA:228,6,1,0
BRDA:228,7,0,0
BRDA:228,7,1,0
BRDA:246,8,0,0
BRDA:246,8,1,0
BRDA:246,9,0,0
BRDA:246,9,1,0
BRDA:275,10,0,0
BRDA:275,10,1,0
BRDA:283,11,0,0
BRDA:283,11,1,0
BRDA:332,12,0,0
BRDA:332,12,1,0
BRDA:469,13,0,0
BRDA:469,13,1,0
BRDA:480,14,0,0
BRDA:491,15,0,0
BRDA:491,15,1,0
BRDA:504,16,0,0
BRDA:520,17,0,0
BRDA:520,17,1,0
BRDA:530,18,0,0
BRDA:530,18,1,0
BRDA:557,19,0,0
BRDA:557,19,1,0
BRDA:566,20,0,0
BRDA:566,20,1,0
BRDA:567,21,0,0
BRDA:567,21,1,0
BRDA:595,22,0,0
BRDA:595,22,1,0
BRDA:622,23,0,0
BRDA:622,23,1,0
BRDA:623,24,0,0
BRDA:623,24,1,0
BRDA:624,25,0,0
BRDA:624,25,1,0
BRDA:625,26,0,0
BRDA:625,26,1,0
BRDA:626,27,0,0
BRDA:626,27,1,0
BRF:53
BRH:0
end_of_record
TN:
SF:server/GameGenreClassifier.js
FN:12,(anonymous_0)
FN:16,(anonymous_1)
FN:170,(anonymous_2)
FN:213,(anonymous_3)
FN:240,(anonymous_4)
FN:246,(anonymous_5)
FN:265,(anonymous_6)
FN:299,(anonymous_7)
FN:312,(anonymous_8)
FN:318,(anonymous_9)
FN:338,(anonymous_10)
FN:348,(anonymous_11)
FN:379,(anonymous_12)
FN:408,(anonymous_13)
FN:431,(anonymous_14)
FN:454,(anonymous_15)
FN:504,(anonymous_16)
FN:536,(anonymous_17)
FN:564,(anonymous_18)
FN:592,(anonymous_19)
FN:604,(anonymous_20)
FN:608,(anonymous_21)
FN:612,(anonymous_22)
FN:626,(anonymous_23)
FN:630,(anonymous_24)
FN:633,(anonymous_25)
FN:643,(anonymous_26)
FNF:27
FNH:0
FNDA:0,(anonymous_0)
FNDA:0,(anonymous_1)
FNDA:0,(anonymous_2)
FNDA:0,(anonymous_3)
FNDA:0,(anonymous_4)
FNDA:0,(anonymous_5)
FNDA:0,(anonymous_6)
FNDA:0,(anonymous_7)
FNDA:0,(anonymous_8)
FNDA:0,(anonymous_9)
FNDA:0,(anonymous_10)
FNDA:0,(anonymous_11)
FNDA:0,(anonymous_12)
FNDA:0,(anonymous_13)
FNDA:0,(anonymous_14)
FNDA:0,(anonymous_15)
FNDA:0,(anonymous_16)
FNDA:0,(anonymous_17)
FNDA:0,(anonymous_18)
FNDA:0,(anonymous_19)
FNDA:0,(anonymous_20)
FNDA:0,(anonymous_21)
FNDA:0,(anonymous_22)
FNDA:0,(anonymous_23)
FNDA:0,(anonymous_24)
FNDA:0,(anonymous_25)
FNDA:0,(anonymous_26)
DA:13,0
DA:18,0
DA:92,0
DA:131,0
DA:171,0
DA:185,0
DA:186,0
DA:189,0
DA:190,0
DA:193,0
DA:196,0
DA:199,0
DA:202,0
DA:205,0
DA:207,0
DA:214,0
DA:215,0
DA:217,0
DA:218,0
DA:219,0
DA:222,0
DA:223,0
DA:224,0
DA:225,0
DA:229,0
DA:230,0
DA:240,0
DA:247,0
DA:248,0
DA:251,0
DA:254,0
DA:255,0
DA:259,0
DA:266,0
DA:267,0
DA:270,0
DA:278,0
DA:279,0
DA:280,0
DA:281,0
DA:282,0
DA:286,0
DA:287,0
DA:296,0
DA:297,0
DA:298,0
DA:299,0
DA:300,0
DA:301,0
DA:303,0
DA:312,0
DA:319,0
DA:332,0
DA:339,0
DA:340,0
DA:342,0
DA:349,0
DA:352,0
DA:353,0
DA:355,0
DA:356,0
DA:358,0
DA:359,0
DA:363,0
DA:373,0
DA:380,0
DA:381,0
DA:389,0
DA:392,0
DA:398,0
DA:400,0
DA:401,0
DA:402,0
DA:409,0
DA:412,0
DA:413,0
DA:417,0
DA:418,0
DA:422,0
DA:423,0
DA:425,0
DA:432,0
DA:434,0
DA:435,0
DA:438,0
DA:439,0
DA:440,0
DA:443,0
DA:444,0
DA:445,0
DA:448,0
DA:455,0
DA:463,0
DA:464,0
DA:465,0
DA:466,0
DA:470,0
DA:472,0
DA:476,0
DA:479,0
DA:481,0
DA:484,0
DA:487,0
DA:489,0
DA:492,0
DA:495,0
DA:498,0
DA:505,0
DA:507,0
DA:508,0
DA:511,0
DA:512,0
DA:516,0
DA:517,0
DA:518,0
DA:519,0
DA:520,0
DA:524,0
DA:525,0
DA:529,0
DA:537,0
DA:540,0
DA:541,0
DA:544,0
DA:547,0
DA:550,0
DA:558,0
DA:564,0
DA:585,0
DA:586,0
DA:593,0
DA:596,0
DA:597,0
DA:598,0
DA:600,0
DA:601,0
DA:602,0
DA:604,0
DA:605,0
DA:608,0
DA:609,0
DA:612,0
DA:613,0
DA:616,0
DA:617,0
DA:618,0
DA:620,0
DA:627,0
DA:630,0
DA:633,0
DA:634,0
DA:637,0
DA:644,0
DA:647,0
DA:650,0
DA:653,0
DA:656,0
DA:657,0
DA:658,0
DA:662,0
DA:663,0
DA:664,0
DA:668,0
DA:669,0
DA:670,0
DA:675,0
DA:679,0
LF:167
LH:0
BRDA:223,0,0,0
BRDA:223,0,1,0
BRDA:229,1,0,0
BRDA:229,1,1,0
BRDA:247,2,0,0
BRDA:247,2,1,0
BRDA:254,3,0,0
BRDA:254,3,1,0
BRDA:281,4,0,0
BRDA:281,4,1,0
BRDA:286,5,0,0
BRDA:286,5,1,0
BRDA:296,6,0,0
BRDA:296,6,1,0
BRDA:300,7,0,0
BRDA:300,7,1,0
BRDA:332,8,0,0
BRDA:332,8,1,0
BRDA:339,9,0,0
BRDA:339,9,1,0
BRDA:352,10,0,0
BRDA:352,10,1,0
BRDA:352,11,0,0
BRDA:352,11,1,0
BRDA:352,11,2,0
BRDA:355,12,0,0
BRDA:355,12,1,0
BRDA:355,13,0,0
BRDA:355,13,1,0
BRDA:355,13,2,0
BRDA:358,14,0,0
BRDA:358,14,1,0
BRDA:358,15,0,0
BRDA:358,15,1,0
BRDA:358,15,2,0
BRDA:373,16,0,0
BRDA:373,16,1,0
BRDA:380,17,0,0
BRDA:380,17,1,0
BRDA:389,18,0,0
BRDA:389,18,1,0
BRDA:400,19,0,0
BRDA:400,19,1,0
BRDA:401,20,0,0
BRDA:401,20,1,0
BRDA:412,21,0,0
BRDA:412,21,1,0
BRDA:417,22,0,0
BRDA:417,22,1,0
BRDA:434,23,0,0
BRDA:434,23,1,0
BRDA:438,24,0,0
BRDA:438,24,1,0
BRDA:438,25,0,0
BRDA:438,25,1,0
BRDA:443,26,0,0
BRDA:443,26,1,0
BRDA:443,27,0,0
BRDA:443,27,1,0
BRDA:463,28,0,0
BRDA:463,28,1,0
BRDA:463,29,0,0
BRDA:463,29,1,0
BRDA:470,30,0,0
BRDA:470,30,1,0
BRDA:470,30,2,0
BRDA:511,31,0,0
BRDA:511,31,1,0
BRDA:519,32,0,0
BRDA:519,32,1,0
BRDA:524,33,0,0
BRDA:524,33,1,0
BRDA:561,34,0,0
BRDA:561,34,1,0
BRDA:605,35,0,0
BRDA:605,35,1,0
BRDA:609,36,0,0
BRDA:609,36,1,0
BRDA:613,37,0,0
BRDA:613,37,1,0
BRDA:616,38,0,0
BRDA:616,38,1,0
BRDA:617,39,0,0
BRDA:617,39,1,0
BRDA:618,40,0,0
BRDA:618,40,1,0
BRDA:657,41,0,0
BRDA:657,41,1,0
BRDA:663,42,0,0
BRDA:663,42,1,0
BRDA:669,43,0,0
BRDA:669,43,1,0
BRF:92
BRH:0
end_of_record
TN:
SF:server/GameRequirementParser.js
FN:11,(anonymous_0)
FN:61,(anonymous_1)
FN:107,(anonymous_2)
FN:109,(anonymous_3)
FN:119,(anonymous_4)
FN:123,(anonymous_5)
FN:131,(anonymous_6)
FN:141,(anonymous_7)
FN:145,(anonymous_8)
FN:156,(anonymous_9)
FN:160,(anonymous_10)
FN:175,(anonymous_11)
FN:177,(anonymous_12)
FN:187,(anonymous_13)
FN:210,(anonymous_14)
FN:233,(anonymous_15)
FN:237,(anonymous_16)
FN:260,(anonymous_17)
FN:282,(anonymous_18)
FN:293,(anonymous_19)
FN:322,(anonymous_20)
FNF:21
FNH:0
FNDA:0,(anonymous_0)
FNDA:0,(anonymous_1)
FNDA:0,(anonymous_2)
FNDA:0,(anonymous_3)
FNDA:0,(anonymous_4)
FNDA:0,(anonymous_5)
FNDA:0,(anonymous_6)
FNDA:0,(anonymous_7)
FNDA:0,(anonymous_8)
FNDA:0,(anonymous_9)
FNDA:0,(anonymous_10)
FNDA:0,(anonymous_11)
FNDA:0,(anonymous_12)
FNDA:0,(anonymous_13)
FNDA:0,(anonymous_14)
FNDA:0,(anonymous_15)
FNDA:0,(anonymous_16)
FNDA:0,(anonymous_17)
FNDA:0,(anonymous_18)
FNDA:0,(anonymous_19)
FNDA:0,(anonymous_20)
DA:13,0
DA:20,0
DA:32,0
DA:41,0
DA:51,0
DA:62,0
DA:63,0
DA:65,0
DA:67,0
DA:92,0
DA:93,0
DA:95,0
DA:96,0
DA:99,0
DA:100,0
DA:108,0
DA:109,0
DA:110,0
DA:113,0
DA:120,0
DA:122,0
DA:123,0
DA:124,0
DA:125,0
DA:130,0
DA:131,0
DA:132,0
DA:135,0
DA:142,0
DA:144,0
DA:145,0
DA:146,0
DA:150,0
DA:157,0
DA:159,0
DA:160,0
DA:161,0
DA:166,0
DA:167,0
DA:169,0
DA:176,0
DA:177,0
DA:178,0
DA:181,0
DA:189,0
DA:198,0
DA:199,0
DA:200,0
DA:204,0
DA:211,0
DA:214,0
DA:215,0
DA:217,0
DA:218,0
DA:220,0
DA:221,0
DA:223,0
DA:224,0
DA:227,0
DA:234,0
DA:235,0
DA:237,0
DA:238,0
DA:240,0
DA:241,0
DA:244,0
DA:245,0
DA:247,0
DA:248,0
DA:250,0
DA:254,0
DA:261,0
DA:264,0
DA:265,0
DA:268,0
DA:269,0
DA:272,0
DA:273,0
DA:274,0
DA:276,0
DA:283,0
DA:284,0
DA:285,0
DA:287,0
DA:294,0
DA:305,0
DA:313,0
DA:314,0
DA:316,0
DA:323,0
DA:325,0
DA:326,0
DA:329,0
DA:330,0
DA:333,0
DA:334,0
DA:337,0
DA:344,0
LF:98
LH:0
BRDA:109,0,0,0
BRDA:109,0,1,0
BRDA:124,1,0,0
BRDA:124,1,1,0
BRDA:130,2,0,0
BRDA:130,2,1,0
BRDA:145,3,0,0
BRDA:145,3,1,0
BRDA:150,4,0,0
BRDA:150,4,1,0
BRDA:160,5,0,0
BRDA:160,5,1,0
BRDA:166,6,0,0
BRDA:166,6,1,0
BRDA:167,7,0,0
BRDA:167,7,1,0
BRDA:177,8,0,0
BRDA:177,8,1,0
BRDA:199,9,0,0
BRDA:199,9,1,0
BRDA:214,10,0,0
BRDA:214,10,1,0
BRDA:214,11,0,0
BRDA:214,11,1,0
BRDA:217,12,0,0
BRDA:217,12,1,0
BRDA:217,13,0,0
BRDA:217,13,1,0
BRDA:220,14,0,0
BRDA:220,14,1,0
BRDA:220,15,0,0
BRDA:220,15,1,0
BRDA:223,16,0,0
BRDA:223,16,1,0
BRDA:223,17,0,0
BRDA:223,17,1,0
BRDA:227,18,0,0
BRDA:227,18,1,0
BRDA:238,19,0,0
BRDA:238,19,1,0
BRDA:238,19,2,0
BRDA:238,19,3,0
BRDA:238,19,4,0
BRDA:272,20,0,0
BRDA:272,20,1,0
BRDA:273,21,0,0
BRDA:273,21,1,0
BRDA:274,22,0,0
BRDA:274,22,1,0
BRDA:274,23,0,0
BRDA:274,23,1,0
BRDA:284,24,0,0
BRDA:284,24,1,0
BRDA:313,25,0,0
BRDA:313,25,1,0
BRDA:314,26,0,0
BRDA:314,26,1,0
BRDA:325,27,0,0
BRDA:325,27,1,0
BRDA:325,28,0,0
BRDA:325,28,1,0
BRDA:329,29,0,0
BRDA:329,29,1,0
BRDA:329,30,0,0
BRDA:329,30,1,0
BRDA:333,31,0,0
BRDA:333,31,1,0
BRDA:333,32,0,0
BRDA:333,32,1,0
BRF:69
BRH:0
end_of_record
TN:
SF:server/GameScanner.js
FN:14,(anonymous_0)
FN:25,(anonymous_1)
FN:30,(anonymous_2)
FN:58,(anonymous_3)
FN:91,(anonymous_4)
FN:94,(anonymous_5)
FN:113,(anonymous_6)
FN:155,(anonymous_7)
FN:170,(anonymous_8)
FN:198,(anonymous_9)
FN:212,(anonymous_10)
FN:224,(anonymous_11)
FN:231,(anonymous_12)
FN:238,(anonymous_13)
FN:239,(anonymous_14)
FN:245,(anonymous_15)
FN:246,(anonymous_16)
FN:252,(anonymous_17)
FN:253,(anonymous_18)
FN:259,(anonymous_19)
FN:262,(anonymous_20)
FN:265,(anonymous_21)
FN:272,(anonymous_22)
FN:277,(anonymous_23)
FN:286,(anonymous_24)
FN:287,(anonymous_25)
FNF:26
FNH:0
FNDA:0,(anonymous_0)
FNDA:0,(anonymous_1)
FNDA:0,(anonymous_2)
FNDA:0,(anonymous_3)
FNDA:0,(anonymous_4)
FNDA:0,(anonymous_5)
FNDA:0,(anonymous_6)
FNDA:0,(anonymous_7)
FNDA:0,(anonymous_8)
FNDA:0,(anonymous_9)
FNDA:0,(anonymous_10)
FNDA:0,(anonymous_11)
FNDA:0,(anonymous_12)
FNDA:0,(anonymous_13)
FNDA:0,(anonymous_14)
FNDA:0,(anonymous_15)
FNDA:0,(anonymous_16)
FNDA:0,(anonymous_17)
FNDA:0,(anonymous_18)
FNDA:0,(anonymous_19)
FNDA:0,(anonymous_20)
FNDA:0,(anonymous_21)
FNDA:0,(anonymous_22)
FNDA:0,(anonymous_23)
FNDA:0,(anonymous_24)
FNDA:0,(anonymous_25)
DA:10,0
DA:11,0
DA:15,0
DA:16,0
DA:17,0
DA:19,0
DA:26,0
DA:27,0
DA:29,0
DA:30,0
DA:32,0
DA:34,0
DA:35,0
DA:36,0
DA:37,0
DA:38,0
DA:39,0
DA:42,0
DA:46,0
DA:47,0
DA:50,0
DA:51,0
DA:59,0
DA:60,0
DA:61,0
DA:64,0
DA:65,0
DA:67,0
DA:68,0
DA:72,0
DA:73,0
DA:74,0
DA:75,0
DA:78,0
DA:79,0
DA:83,0
DA:85,0
DA:92,0
DA:94,0
DA:97,0
DA:114,0
DA:149,0
DA:156,0
DA:158,0
DA:159,0
DA:160,0
DA:161,0
DA:164,0
DA:171,0
DA:174,0
DA:175,0
DA:176,0
DA:177,0
DA:178,0
DA:179,0
DA:180,0
DA:181,0
DA:182,0
DA:183,0
DA:184,0
DA:187,0
DA:188,0
DA:189,0
DA:192,0
DA:199,0
DA:201,0
DA:202,0
DA:203,0
DA:204,0
DA:205,0
DA:213,0
DA:214,0
DA:215,0
DA:216,0
DA:217,0
DA:225,0
DA:232,0
DA:239,0
DA:246,0
DA:253,0
DA:260,0
DA:262,0
DA:263,0
DA:265,0
DA:273,0
DA:274,0
DA:275,0
DA:277,0
DA:278,0
DA:279,0
DA:282,0
DA:286,0
DA:287,0
DA:292,0
LF:94
LH:0
BRDA:14,0,0,0
BRDA:37,1,0,0
BRDA:37,1,1,0
BRDA:116,2,0,0
BRDA:116,2,1,0
BRDA:117,3,0,0
BRDA:117,3,1,0
BRDA:118,4,0,0
BRDA:118,4,1,0
BRDA:118,5,0,0
BRDA:118,5,1,0
BRDA:119,6,0,0
BRDA:119,6,1,0
BRDA:120,7,0,0
BRDA:120,7,1,0
BRDA:123,8,0,0
BRDA:123,8,1,0
BRDA:124,9,0,0
BRDA:124,9,1,0
BRDA:125,10,0,0
BRDA:125,10,1,0
BRDA:128,11,0,0
BRDA:128,11,1,0
BRDA:129,12,0,0
BRDA:129,12,1,0
BRDA:130,13,0,0
BRDA:130,13,1,0
BRDA:134,14,0,0
BRDA:134,14,1,0
BRDA:135,15,0,0
BRDA:135,15,1,0
BRDA:136,16,0,0
BRDA:136,16,1,0
BRDA:143,17,0,0
BRDA:143,17,1,0
BRDA:144,18,0,0
BRDA:144,18,1,0
BRDA:145,19,0,0
BRDA:145,19,1,0
BRDA:146,20,0,0
BRDA:146,20,1,0
BRDA:158,21,0,0
BRDA:158,21,1,0
BRDA:158,22,0,0
BRDA:158,22,1,0
BRDA:159,23,0,0
BRDA:159,23,1,0
BRDA:159,24,0,0
BRDA:159,24,1,0
BRDA:159,24,2,0
BRDA:160,25,0,0
BRDA:160,25,1,0
BRDA:160,26,0,0
BRDA:160,26,1,0
BRDA:161,27,0,0
BRDA:161,27,1,0
BRDA:161,28,0,0
BRDA:161,28,1,0
BRDA:161,28,2,0
BRDA:174,29,0,0
BRDA:174,29,1,0
BRDA:174,30,0,0
BRDA:174,30,1,0
BRDA:175,31,0,0
BRDA:175,31,1,0
BRDA:175,32,0,0
BRDA:175,32,1,0
BRDA:175,32,2,0
BRDA:176,33,0,0
BRDA:176,33,1,0
BRDA:176,34,0,0
BRDA:176,34,1,0
BRDA:176,34,2,0
BRDA:177,35,0,0
BRDA:177,35,1,0
BRDA:177,36,0,0
BRDA:177,36,1,0
BRDA:177,36,2,0
BRDA:178,37,0,0
BRDA:178,37,1,0
BRDA:178,38,0,0
BRDA:178,38,1,0
BRDA:179,39,0,0
BRDA:179,39,1,0
BRDA:179,40,0,0
BRDA:179,40,1,0
BRDA:180,41,0,0
BRDA:180,41,1,0
BRDA:180,42,0,0
BRDA:180,42,1,0
BRDA:180,42,2,0
BRDA:181,43,0,0
BRDA:181,43,1,0
BRDA:181,44,0,0
BRDA:181,44,1,0
BRDA:182,45,0,0
BRDA:182,45,1,0
BRDA:182,46,0,0
BRDA:182,46,1,0
BRDA:183,47,0,0
BRDA:183,47,1,0
BRDA:183,48,0,0
BRDA:183,48,1,0
BRDA:184,49,0,0
BRDA:184,49,1,0
BRDA:184,50,0,0
BRDA:184,50,1,0
BRDA:187,51,0,0
BRDA:187,51,1,0
BRDA:188,52,0,0
BRDA:188,52,1,0
BRDA:189,53,0,0
BRDA:189,53,1,0
BRDA:189,54,0,0
BRDA:189,54,1,0
BRDA:201,55,0,0
BRDA:201,55,1,0
BRDA:201,55,2,0
BRDA:201,55,3,0
BRDA:213,56,0,0
BRDA:213,56,1,0
BRDA:213,56,2,0
BRDA:213,56,3,0
BRDA:263,57,0,0
BRDA:263,57,1,0
BRDA:263,57,2,0
BRDA:263,57,3,0
BRDA:278,58,0,0
BRDA:278,58,1,0
BRDA:279,59,0,0
BRDA:279,59,1,0
BRF:131
BRH:0
end_of_record
TN:
SF:server/GameTemplateEngine 2.js
FN:11,(anonymous_0)
FN:20,(anonymous_1)
FN:39,(anonymous_2)
FN:87,(anonymous_3)
FN:152,(anonymous_4)
FN:345,(anonymous_5)
FN:577,(anonymous_6)
FN:729,(anonymous_7)
FN:838,(anonymous_8)
FN:964,(anonymous_9)
FN:1084,(anonymous_10)
FN:1294,(anonymous_11)
FN:1307,(anonymous_12)
FN:1320,(anonymous_13)
FN:1334,(anonymous_14)
FN:1346,(anonymous_15)
FN:1364,(anonymous_16)
FN:1395,(anonymous_17)
FN:1397,(anonymous_18)
FN:1404,(anonymous_19)
FN:1434,(anonymous_20)
FN:1451,(anonymous_21)
FN:1454,(anonymous_22)
FNF:23
FNH:0
FNDA:0,(anonymous_0)
FNDA:0,(anonymous_1)
FNDA:0,(anonymous_2)
FNDA:0,(anonymous_3)
FNDA:0,(anonymous_4)
FNDA:0,(anonymous_5)
FNDA:0,(anonymous_6)
FNDA:0,(anonymous_7)
FNDA:0,(anonymous_8)
FNDA:0,(anonymous_9)
FNDA:0,(anonymous_10)
FNDA:0,(anonymous_11)
FNDA:0,(anonymous_12)
FNDA:0,(anonymous_13)
FNDA:0,(anonymous_14)
FNDA:0,(anonymous_15)
FNDA:0,(anonymous_16)
FNDA:0,(anonymous_17)
FNDA:0,(anonymous_18)
FNDA:0,(anonymous_19)
FNDA:0,(anonymous_20)
FNDA:0,(anonymous_21)
FNDA:0,(anonymous_22)
DA:13,0
DA:14,0
DA:22,0
DA:29,0
DA:30,0
DA:31,0
DA:32,0
DA:33,0
DA:40,0
DA:41,0
DA:44,0
DA:45,0
DA:48,0
DA:51,0
DA:54,0
DA:57,0
DA:60,0
DA:69,0
DA:70,0
DA:79,0
DA:80,0
DA:88,0
DA:153,0
DA:346,0
DA:578,0
DA:730,0
DA:839,0
DA:965,0
DA:1085,0
DA:1295,0
DA:1308,0
DA:1321,0
DA:1322,0
DA:1335,0
DA:1347,0
DA:1349,0
DA:1350,0
DA:1351,0
DA:1354,0
DA:1355,0
DA:1356,0
DA:1358,0
DA:1365,0
DA:1368,0
DA:1369,0
DA:1370,0
DA:1371,0
DA:1372,0
DA:1373,0
DA:1374,0
DA:1377,0
DA:1383,0
DA:1389,0
DA:1396,0
DA:1397,0
DA:1405,0
DA:1435,0
DA:1445,0
DA:1452,0
DA:1454,0
DA:1455,0
DA:1457,0
DA:1458,0
DA:1460,0
DA:1461,0
DA:1463,0
DA:1464,0
DA:1466,0
DA:1467,0
DA:1471,0
DA:1475,0
LF:71
LH:0
BRDA:45,0,0,0
BRDA:45,0,1,0
BRDA:1309,1,0,0
BRDA:1309,1,1,0
BRDA:1310,2,0,0
BRDA:1310,2,1,0
BRDA:1311,3,0,0
BRDA:1311,3,1,0
BRDA:1312,4,0,0
BRDA:1312,4,1,0
BRDA:1313,5,0,0
BRDA:1313,5,1,0
BRDA:1321,6,0,0
BRDA:1321,6,1,0
BRDA:1322,7,0,0
BRDA:1322,7,1,0
BRDA:1414,8,0,0
BRDA:1414,8,1,0
BRDA:1414,9,0,0
BRDA:1414,9,1,0
BRDA:1445,10,0,0
BRDA:1445,10,1,0
BRDA:1455,11,0,0
BRDA:1455,11,1,0
BRDA:1455,11,2,0
BRDA:1455,11,3,0
BRF:26
BRH:0
end_of_record
TN:
SF:server/GameTemplateEngine.js
FN:11,(anonymous_0)
FN:20,(anonymous_1)
FN:39,(anonymous_2)
FN:102,(anonymous_3)
FN:152,(anonymous_4)
FN:171,(anonymous_5)
FN:213,(anonymous_6)
FN:408,(anonymous_7)
FN:680,(anonymous_8)
FN:1065,(anonymous_9)
FN:1634,(anonymous_10)
FN:1924,(anonymous_11)
FN:1967,(anonymous_12)
FN:2038,(anonymous_13)
FN:2231,(anonymous_14)
FN:2468,(anonymous_15)
FN:2620,(anonymous_16)
FN:2729,(anonymous_17)
FN:2855,(anonymous_18)
FN:3060,(anonymous_19)
FN:3270,(anonymous_20)
FN:3283,(anonymous_21)
FN:3296,(anonymous_22)
FN:3310,(anonymous_23)
FN:3322,(anonymous_24)
FN:3340,(anonymous_25)
FN:3371,(anonymous_26)
FN:3373,(anonymous_27)
FN:3380,(anonymous_28)
FN:3410,(anonymous_29)
FN:3427,(anonymous_30)
FN:3430,(anonymous_31)
FNF:32
FNH:0
FNDA:0,(anonymous_0)
FNDA:0,(anonymous_1)
FNDA:0,(anonymous_2)
FNDA:0,(anonymous_3)
FNDA:0,(anonymous_4)
FNDA:0,(anonymous_5)
FNDA:0,(anonymous_6)
FNDA:0,(anonymous_7)
FNDA:0,(anonymous_8)
FNDA:0,(anonymous_9)
FNDA:0,(anonymous_10)
FNDA:0,(anonymous_11)
FNDA:0,(anonymous_12)
FNDA:0,(anonymous_13)
FNDA:0,(anonymous_14)
FNDA:0,(anonymous_15)
FNDA:0,(anonymous_16)
FNDA:0,(anonymous_17)
FNDA:0,(anonymous_18)
FNDA:0,(anonymous_19)
FNDA:0,(anonymous_20)
FNDA:0,(anonymous_21)
FNDA:0,(anonymous_22)
FNDA:0,(anonymous_23)
FNDA:0,(anonymous_24)
FNDA:0,(anonymous_25)
FNDA:0,(anonymous_26)
FNDA:0,(anonymous_27)
FNDA:0,(anonymous_28)
FNDA:0,(anonymous_29)
FNDA:0,(anonymous_30)
FNDA:0,(anonymous_31)
DA:13,0
DA:14,0
DA:22,0
DA:29,0
DA:30,0
DA:31,0
DA:32,0
DA:33,0
DA:40,0
DA:41,0
DA:44,0
DA:45,0
DA:48,0
DA:49,0
DA:50,0
DA:53,0
DA:54,0
DA:55,0
DA:57,0
DA:58,0
DA:63,0
DA:66,0
DA:69,0
DA:72,0
DA:75,0
DA:84,0
DA:85,0
DA:94,0
DA:95,0
DA:103,0
DA:104,0
DA:107,0
DA:139,0
DA:141,0
DA:144,0
DA:145,0
DA:153,0
DA:156,0
DA:158,0
DA:172,0
DA:174,0
DA:177,0
DA:180,0
DA:181,0
DA:185,0
DA:187,0
DA:188,0
DA:192,0
DA:194,0
DA:195,0
DA:199,0
DA:201,0
DA:202,0
DA:206,0
DA:207,0
DA:214,0
DA:216,0
DA:409,0
DA:411,0
DA:681,0
DA:683,0
DA:1066,0
DA:1068,0
DA:1635,0
DA:1638,0
DA:1640,0
DA:1925,0
DA:1937,0
DA:1939,0
DA:1940,0
DA:1941,0
DA:1942,0
DA:1945,0
DA:1946,0
DA:1947,0
DA:1948,0
DA:1951,0
DA:1952,0
DA:1953,0
DA:1954,0
DA:1957,0
DA:1958,0
DA:1961,0
DA:1968,0
DA:2039,0
DA:2232,0
DA:2469,0
DA:2621,0
DA:2730,0
DA:2856,0
DA:3061,0
DA:3271,0
DA:3284,0
DA:3297,0
DA:3298,0
DA:3311,0
DA:3323,0
DA:3325,0
DA:3326,0
DA:3327,0
DA:3330,0
DA:3331,0
DA:3332,0
DA:3334,0
DA:3341,0
DA:3344,0
DA:3345,0
DA:3346,0
DA:3347,0
DA:3348,0
DA:3349,0
DA:3350,0
DA:3353,0
DA:3359,0
DA:3365,0
DA:3372,0
DA:3373,0
DA:3381,0
DA:3411,0
DA:3421,0
DA:3428,0
DA:3430,0
DA:3431,0
DA:3433,0
DA:3434,0
DA:3436,0
DA:3437,0
DA:3439,0
DA:3440,0
DA:3442,0
DA:3443,0
DA:3447,0
DA:3451,0
LF:133
LH:0
BRDA:48,0,0,0
BRDA:48,0,1,0
BRDA:53,1,0,0
BRDA:53,1,1,0
BRDA:177,2,0,0
BRDA:177,2,1,0
BRDA:177,3,0,0
BRDA:177,3,1,0
BRDA:177,3,2,0
BRDA:177,3,3,0
BRDA:177,3,4,0
BRDA:185,4,0,0
BRDA:185,4,1,0
BRDA:185,5,0,0
BRDA:185,5,1,0
BRDA:185,5,2,0
BRDA:185,5,3,0
BRDA:185,5,4,0
BRDA:192,6,0,0
BRDA:192,6,1,0
BRDA:192,7,0,0
BRDA:192,7,1,0
BRDA:192,7,2,0
BRDA:192,7,3,0
BRDA:199,8,0,0
BRDA:199,8,1,0
BRDA:199,9,0,0
BRDA:199,9,1,0
BRDA:199,9,2,0
BRDA:1937,10,0,0
BRDA:1937,10,1,0
BRDA:1937,10,2,0
BRDA:1937,10,3,0
BRDA:3285,11,0,0
BRDA:3285,11,1,0
BRDA:3286,12,0,0
BRDA:3286,12,1,0
BRDA:3287,13,0,0
BRDA:3287,13,1,0
BRDA:3288,14,0,0
BRDA:3288,14,1,0
BRDA:3289,15,0,0
BRDA:3289,15,1,0
BRDA:3297,16,0,0
BRDA:3297,16,1,0
BRDA:3298,17,0,0
BRDA:3298,17,1,0
BRDA:3390,18,0,0
BRDA:3390,18,1,0
BRDA:3390,19,0,0
BRDA:3390,19,1,0
BRDA:3421,20,0,0
BRDA:3421,20,1,0
BRDA:3431,21,0,0
BRDA:3431,21,1,0
BRDA:3431,21,2,0
BRDA:3431,21,3,0
BRF:57
BRH:0
end_of_record
TN:
SF:server/GameTemplateGenerator.js
FN:14,(anonymous_0)
FN:92,(anonymous_1)
FN:113,(anonymous_2)
FN:134,(anonymous_3)
FN:144,(anonymous_4)
FN:164,(anonymous_5)
FN:177,(anonymous_6)
FN:188,(anonymous_7)
FN:209,(anonymous_8)
FN:242,(anonymous_9)
FN:255,(anonymous_10)
FN:317,(anonymous_11)
FN:398,(anonymous_12)
FN:488,(anonymous_13)
FN:537,(anonymous_14)
FN:593,(anonymous_15)
FN:661,(anonymous_16)
FN:699,(anonymous_17)
FN:751,(anonymous_18)
FN:802,(anonymous_19)
FN:832,(anonymous_20)
FN:858,(anonymous_21)
FN:883,(anonymous_22)
FN:919,(anonymous_23)
FN:932,(anonymous_24)
FN:944,(anonymous_25)
FN:957,(anonymous_26)
FN:969,(anonymous_27)
FN:982,(anonymous_28)
FN:998,(anonymous_29)
FNF:30
FNH:0
FNDA:0,(anonymous_0)
FNDA:0,(anonymous_1)
FNDA:0,(anonymous_2)
FNDA:0,(anonymous_3)
FNDA:0,(anonymous_4)
FNDA:0,(anonymous_5)
FNDA:0,(anonymous_6)
FNDA:0,(anonymous_7)
FNDA:0,(anonymous_8)
FNDA:0,(anonymous_9)
FNDA:0,(anonymous_10)
FNDA:0,(anonymous_11)
FNDA:0,(anonymous_12)
FNDA:0,(anonymous_13)
FNDA:0,(anonymous_14)
FNDA:0,(anonymous_15)
FNDA:0,(anonymous_16)
FNDA:0,(anonymous_17)
FNDA:0,(anonymous_18)
FNDA:0,(anonymous_19)
FNDA:0,(anonymous_20)
FNDA:0,(anonymous_21)
FNDA:0,(anonymous_22)
FNDA:0,(anonymous_23)
FNDA:0,(anonymous_24)
FNDA:0,(anonymous_25)
FNDA:0,(anonymous_26)
FNDA:0,(anonymous_27)
FNDA:0,(anonymous_28)
FNDA:0,(anonymous_29)
DA:10,0
DA:11,0
DA:16,0
DA:41,0
DA:70,0
DA:93,0
DA:96,0
DA:99,0
DA:106,0
DA:107,0
DA:114,0
DA:115,0
DA:116,0
DA:119,0
DA:120,0
DA:121,0
DA:124,0
DA:135,0
DA:136,0
DA:137,0
DA:138,0
DA:145,0
DA:165,0
DA:171,0
DA:178,0
DA:189,0
DA:210,0
DA:215,0
DA:230,0
DA:243,0
DA:256,0
DA:318,0
DA:399,0
DA:489,0
DA:538,0
DA:594,0
DA:662,0
DA:700,0
DA:752,0
DA:803,0
DA:826,0
DA:833,0
DA:852,0
DA:859,0
DA:865,0
DA:873,0
DA:875,0
DA:876,0
DA:877,0
DA:884,0
DA:902,0
DA:910,0
DA:920,0
DA:933,0
DA:945,0
DA:951,0
DA:958,0
DA:970,0
DA:976,0
DA:983,0
DA:986,0
DA:988,0
DA:999,0
DA:1075,0
LF:64
LH:0
BRDA:115,0,0,0
BRDA:115,0,1,0
BRDA:120,1,0,0
BRDA:120,1,1,0
BRDA:135,2,0,0
BRDA:135,2,1,0
BRDA:136,3,0,0
BRDA:136,3,1,0
BRDA:137,4,0,0
BRDA:137,4,1,0
BRDA:232,5,0,0
BRDA:232,5,1,0
BRDA:852,6,0,0
BRDA:852,6,1,0
BRDA:873,7,0,0
BRDA:873,7,1,0
BRDA:873,8,0,0
BRDA:873,8,1,0
BRDA:875,9,0,0
BRDA:875,9,1,0
BRDA:876,10,0,0
BRDA:876,10,1,0
BRDA:911,11,0,0
BRDA:911,11,1,0
BRDA:912,12,0,0
BRDA:912,12,1,0
BRDA:951,13,0,0
BRDA:951,13,1,0
BRDA:976,14,0,0
BRDA:976,14,1,0
BRF:30
BRH:0
end_of_record
TN:
SF:server/GameValidator.js
FN:16,(anonymous_0)
FN:117,(anonymous_1)
FN:178,(anonymous_2)
FN:180,(anonymous_3)
FN:233,(anonymous_4)
FN:267,(anonymous_5)
FN:323,(anonymous_6)
FN:400,(anonymous_7)
FN:460,(anonymous_8)
FN:511,(anonymous_9)
FN:529,(anonymous_10)
FN:552,(anonymous_11)
FN:570,(anonymous_12)
FN:582,(anonymous_13)
FN:602,(anonymous_14)
FN:614,(anonymous_15)
FN:630,(anonymous_16)
FN:641,(anonymous_17)
FN:684,(anonymous_18)
FN:713,(anonymous_19)
FN:749,(anonymous_20)
FN:771,(anonymous_21)
FN:796,(anonymous_22)
FN:800,(anonymous_23)
FN:804,(anonymous_24)
FN:809,(anonymous_25)
FN:813,(anonymous_26)
FN:821,(anonymous_27)
FN:831,(anonymous_28)
FN:846,(anonymous_29)
FN:853,(anonymous_30)
FN:860,(anonymous_31)
FN:874,(anonymous_32)
FN:884,(anonymous_33)
FN:893,(anonymous_34)
FN:895,(anonymous_35)
FNF:36
FNH:0
FNDA:0,(anonymous_0)
FNDA:0,(anonymous_1)
FNDA:0,(anonymous_2)
FNDA:0,(anonymous_3)
FNDA:0,(anonymous_4)
FNDA:0,(anonymous_5)
FNDA:0,(anonymous_6)
FNDA:0,(anonymous_7)
FNDA:0,(anonymous_8)
FNDA:0,(anonymous_9)
FNDA:0,(anonymous_10)
FNDA:0,(anonymous_11)
FNDA:0,(anonymous_12)
FNDA:0,(anonymous_13)
FNDA:0,(anonymous_14)
FNDA:0,(anonymous_15)
FNDA:0,(anonymous_16)
FNDA:0,(anonymous_17)
FNDA:0,(anonymous_18)
FNDA:0,(anonymous_19)
FNDA:0,(anonymous_20)
FNDA:0,(anonymous_21)
FNDA:0,(anonymous_22)
FNDA:0,(anonymous_23)
FNDA:0,(anonymous_24)
FNDA:0,(anonymous_25)
FNDA:0,(anonymous_26)
FNDA:0,(anonymous_27)
FNDA:0,(anonymous_28)
FNDA:0,(anonymous_29)
FNDA:0,(anonymous_30)
FNDA:0,(anonymous_31)
FNDA:0,(anonymous_32)
FNDA:0,(anonymous_33)
FNDA:0,(anonymous_34)
FNDA:0,(anonymous_35)
DA:11,0
DA:12,0
DA:13,0
DA:17,0
DA:75,0
DA:118,0
DA:131,0
DA:132,0
DA:135,0
DA:136,0
DA:137,0
DA:138,0
DA:142,0
DA:143,0
DA:144,0
DA:146,0
DA:147,0
DA:148,0
DA:152,0
DA:153,0
DA:154,0
DA:155,0
DA:157,0
DA:158,0
DA:159,0
DA:161,0
DA:164,0
DA:165,0
DA:169,0
DA:170,0
DA:171,0
DA:173,0
DA:176,0
DA:177,0
DA:178,0
DA:179,0
DA:180,0
DA:186,0
DA:187,0
DA:188,0
DA:190,0
DA:191,0
DA:192,0
DA:194,0
DA:195,0
DA:198,0
DA:199,0
DA:200,0
DA:202,0
DA:203,0
DA:204,0
DA:206,0
DA:209,0
DA:210,0
DA:211,0
DA:212,0
DA:215,0
DA:216,0
DA:218,0
DA:220,0
DA:223,0
DA:224,0
DA:225,0
DA:226,0
DA:234,0
DA:236,0
DA:238,0
DA:239,0
DA:240,0
DA:243,0
DA:244,0
DA:245,0
DA:246,0
DA:249,0
DA:250,0
DA:251,0
DA:254,0
DA:258,0
DA:261,0
DA:268,0
DA:270,0
DA:271,0
DA:272,0
DA:273,0
DA:276,0
DA:277,0
DA:278,0
DA:279,0
DA:280,0
DA:282,0
DA:286,0
DA:289,0
DA:290,0
DA:291,0
DA:292,0
DA:293,0
DA:295,0
DA:299,0
DA:302,0
DA:303,0
DA:304,0
DA:308,0
DA:309,0
DA:310,0
DA:314,0
DA:317,0
DA:324,0
DA:332,0
DA:333,0
DA:334,0
DA:336,0
DA:337,0
DA:338,0
DA:342,0
DA:343,0
DA:344,0
DA:345,0
DA:347,0
DA:348,0
DA:352,0
DA:355,0
DA:356,0
DA:357,0
DA:358,0
DA:359,0
DA:364,0
DA:365,0
DA:366,0
DA:367,0
DA:369,0
DA:372,0
DA:373,0
DA:374,0
DA:377,0
DA:378,0
DA:379,0
DA:382,0
DA:383,0
DA:384,0
DA:388,0
DA:391,0
DA:394,0
DA:401,0
DA:408,0
DA:409,0
DA:410,0
DA:413,0
DA:414,0
DA:416,0
DA:417,0
DA:418,0
DA:420,0
DA:424,0
DA:425,0
DA:426,0
DA:427,0
DA:429,0
DA:433,0
DA:434,0
DA:435,0
DA:436,0
DA:438,0
DA:442,0
DA:443,0
DA:444,0
DA:445,0
DA:447,0
DA:451,0
DA:454,0
DA:461,0
DA:467,0
DA:468,0
DA:469,0
DA:472,0
DA:473,0
DA:474,0
DA:478,0
DA:479,0
DA:480,0
DA:484,0
DA:485,0
DA:486,0
DA:490,0
DA:491,0
DA:492,0
DA:496,0
DA:497,0
DA:498,0
DA:502,0
DA:505,0
DA:512,0
DA:513,0
DA:516,0
DA:518,0
DA:519,0
DA:523,0
DA:530,0
DA:533,0
DA:534,0
DA:536,0
DA:537,0
DA:538,0
DA:540,0
DA:541,0
DA:542,0
DA:546,0
DA:553,0
DA:556,0
DA:557,0
DA:558,0
DA:559,0
DA:563,0
DA:570,0
DA:571,0
DA:572,0
DA:576,0
DA:583,0
DA:595,0
DA:596,0
DA:603,0
DA:604,0
DA:605,0
DA:606,0
DA:607,0
DA:608,0
DA:616,0
DA:617,0
DA:621,0
DA:629,0
DA:630,0
DA:631,0
DA:635,0
DA:642,0
DA:652,0
DA:653,0
DA:654,0
DA:657,0
DA:658,0
DA:661,0
DA:662,0
DA:663,0
DA:666,0
DA:667,0
DA:668,0
DA:671,0
DA:677,0
DA:678,0
DA:685,0
DA:691,0
DA:692,0
DA:693,0
DA:695,0
DA:702,0
DA:703,0
DA:707,0
DA:714,0
DA:720,0
DA:722,0
DA:723,0
DA:725,0
DA:726,0
DA:727,0
DA:728,0
DA:732,0
DA:738,0
DA:739,0
DA:743,0
DA:750,0
DA:765,0
DA:772,0
DA:790,0
DA:797,0
DA:800,0
DA:801,0
DA:802,0
DA:804,0
DA:809,0
DA:810,0
DA:811,0
DA:813,0
DA:818,0
DA:819,0
DA:821,0
DA:825,0
DA:832,0
DA:834,0
DA:844,0
DA:845,0
DA:846,0
DA:847,0
DA:851,0
DA:852,0
DA:853,0
DA:854,0
DA:858,0
DA:859,0
DA:860,0
DA:861,0
DA:866,0
DA:867,0
DA:868,0
DA:871,0
DA:872,0
DA:873,0
DA:874,0
DA:875,0
DA:876,0
DA:881,0
DA:882,0
DA:883,0
DA:884,0
DA:885,0
DA:886,0
DA:891,0
DA:892,0
DA:893,0
DA:894,0
DA:895,0
DA:896,0
DA:902,0
DA:904,0
DA:908,0
LF:322
LH:0
BRDA:117,0,0,0
BRDA:136,1,0,0
BRDA:136,1,1,0
BRDA:146,2,0,0
BRDA:146,2,1,0
BRDA:157,3,0,0
BRDA:157,3,1,0
BRDA:164,4,0,0
BRDA:164,4,1,0
BRDA:176,5,0,0
BRDA:176,5,1,0
BRDA:190,6,0,0
BRDA:190,6,1,0
BRDA:202,7,0,0
BRDA:202,7,1,0
BRDA:250,8,0,0
BRDA:250,8,1,0
BRDA:250,9,0,0
BRDA:250,9,1,0
BRDA:279,10,0,0
BRDA:279,10,1,0
BRDA:292,11,0,0
BRDA:292,11,1,0
BRDA:303,12,0,0
BRDA:303,12,1,0
BRDA:303,13,0,0
BRDA:303,13,1,0
BRDA:309,14,0,0
BRDA:309,14,1,0
BRDA:309,15,0,0
BRDA:309,15,1,0
BRDA:309,15,2,0
BRDA:336,16,0,0
BRDA:336,16,1,0
BRDA:336,17,0,0
BRDA:336,17,1,0
BRDA:344,18,0,0
BRDA:344,18,1,0
BRDA:356,19,0,0
BRDA:356,19,1,0
BRDA:365,20,0,0
BRDA:365,20,1,0
BRDA:372,21,0,0
BRDA:372,21,1,0
BRDA:377,22,0,0
BRDA:377,22,1,0
BRDA:382,23,0,0
BRDA:382,23,1,0
BRDA:416,24,0,0
BRDA:416,24,1,0
BRDA:425,25,0,0
BRDA:425,25,1,0
BRDA:434,26,0,0
BRDA:434,26,1,0
BRDA:443,27,0,0
BRDA:443,27,1,0
BRDA:472,28,0,0
BRDA:472,28,1,0
BRDA:472,29,0,0
BRDA:472,29,1,0
BRDA:478,30,0,0
BRDA:478,30,1,0
BRDA:484,31,0,0
BRDA:484,31,1,0
BRDA:484,32,0,0
BRDA:484,32,1,0
BRDA:490,33,0,0
BRDA:490,33,1,0
BRDA:496,34,0,0
BRDA:496,34,1,0
BRDA:518,35,0,0
BRDA:518,35,1,0
BRDA:536,36,0,0
BRDA:536,36,1,0
BRDA:536,37,0,0
BRDA:536,37,1,0
BRDA:540,38,0,0
BRDA:540,38,1,0
BRDA:556,39,0,0
BRDA:556,39,1,0
BRDA:557,40,0,0
BRDA:557,40,1,0
BRDA:558,41,0,0
BRDA:558,41,1,0
BRDA:571,42,0,0
BRDA:571,42,1,0
BRDA:596,43,0,0
BRDA:596,43,1,0
BRDA:603,44,0,0
BRDA:603,44,1,0
BRDA:604,45,0,0
BRDA:604,45,1,0
BRDA:605,46,0,0
BRDA:605,46,1,0
BRDA:606,47,0,0
BRDA:606,47,1,0
BRDA:607,48,0,0
BRDA:607,48,1,0
BRDA:616,49,0,0
BRDA:616,49,1,0
BRDA:616,50,0,0
BRDA:616,50,1,0
BRDA:630,51,0,0
BRDA:630,51,1,0
BRDA:652,52,0,0
BRDA:652,52,1,0
BRDA:652,53,0,0
BRDA:652,53,1,0
BRDA:693,54,0,0
BRDA:693,54,1,0
BRDA:698,55,0,0
BRDA:698,55,1,0
BRDA:702,56,0,0
BRDA:702,56,1,0
BRDA:726,57,0,0
BRDA:726,57,1,0
BRDA:738,58,0,0
BRDA:738,58,1,0
BRDA:765,59,0,0
BRDA:765,59,1,0
BRDA:790,60,0,0
BRDA:790,60,1,0
BRDA:801,61,0,0
BRDA:801,61,1,0
BRDA:810,62,0,0
BRDA:810,62,1,0
BRDA:818,63,0,0
BRDA:818,63,1,0
BRDA:838,64,0,0
BRDA:838,64,1,0
BRDA:839,65,0,0
BRDA:839,65,1,0
BRDA:840,66,0,0
BRDA:840,66,1,0
BRDA:844,67,0,0
BRDA:844,67,1,0
BRDA:851,68,0,0
BRDA:851,68,1,0
BRDA:858,69,0,0
BRDA:858,69,1,0
BRDA:866,70,0,0
BRDA:866,70,1,0
BRDA:866,71,0,0
BRDA:866,71,1,0
BRDA:871,72,0,0
BRDA:871,72,1,0
BRDA:875,73,0,0
BRDA:875,73,1,0
BRDA:876,74,0,0
BRDA:876,74,1,0
BRDA:881,75,0,0
BRDA:881,75,1,0
BRDA:885,76,0,0
BRDA:885,76,1,0
BRDA:891,77,0,0
BRDA:891,77,1,0
BRF:156
BRH:0
end_of_record
TN:
SF:server/InteractiveGameGenerator.js
FN:24,(anonymous_0)
FN:63,(anonymous_1)
FN:65,(anonymous_2)
FN:70,(anonymous_3)
FN:77,(anonymous_4)
FN:134,(anonymous_5)
FN:198,(anonymous_6)
FN:255,(anonymous_7)
FN:275,(anonymous_8)
FN:335,(anonymous_9)
FN:468,(anonymous_10)
FN:470,(anonymous_11)
FN:508,(anonymous_12)
FN:607,(anonymous_13)
FN:626,(anonymous_14)
FN:629,(anonymous_15)
FN:698,(anonymous_16)
FN:701,(anonymous_17)
FN:777,(anonymous_18)
FN:782,(anonymous_19)
FN:831,(anonymous_20)
FN:859,(anonymous_21)
FN:1076,(anonymous_22)
FN:1093,(anonymous_23)
FN:1107,(anonymous_24)
FN:1125,(anonymous_25)
FN:1192,(anonymous_26)
FN:1205,(anonymous_27)
FN:1216,(anonymous_28)
FN:1239,(anonymous_29)
FN:1257,(anonymous_30)
FN:1273,(anonymous_31)
FN:1306,(anonymous_32)
FN:1323,(anonymous_33)
FN:1362,(anonymous_34)
FN:1409,(anonymous_35)
FN:1429,(anonymous_36)
FN:1455,(anonymous_37)
FN:1467,(anonymous_38)
FN:1483,(anonymous_39)
FN:1514,(anonymous_40)
FN:1521,(anonymous_41)
FN:1528,(anonymous_42)
FN:1535,(anonymous_43)
FN:1570,(anonymous_44)
FN:1585,(anonymous_45)
FN:1598,(anonymous_46)
FN:1612,(anonymous_47)
FN:1626,(anonymous_48)
FN:1636,(anonymous_49)
FN:1647,(anonymous_50)
FN:1725,(anonymous_51)
FN:1743,(anonymous_52)
FN:1773,(anonymous_53)
FN:1821,(anonymous_54)
FN:1852,(anonymous_55)
FN:1906,(anonymous_56)
FN:1941,(anonymous_57)
FN:1974,(anonymous_58)
FN:2003,(anonymous_59)
FN:2023,(anonymous_60)
FN:2048,(anonymous_61)
FN:2058,(anonymous_62)
FN:2073,(anonymous_63)
FN:2103,(anonymous_64)
FN:2118,(anonymous_65)
FN:2130,(anonymous_66)
FN:2173,(anonymous_67)
FN:2180,(anonymous_68)
FNF:69
FNH:0
FNDA:0,(anonymous_0)
FNDA:0,(anonymous_1)
FNDA:0,(anonymous_2)
FNDA:0,(anonymous_3)
FNDA:0,(anonymous_4)
FNDA:0,(anonymous_5)
FNDA:0,(anonymous_6)
FNDA:0,(anonymous_7)
FNDA:0,(anonymous_8)
FNDA:0,(anonymous_9)
FNDA:0,(anonymous_10)
FNDA:0,(anonymous_11)
FNDA:0,(anonymous_12)
FNDA:0,(anonymous_13)
FNDA:0,(anonymous_14)
FNDA:0,(anonymous_15)
FNDA:0,(anonymous_16)
FNDA:0,(anonymous_17)
FNDA:0,(anonymous_18)
FNDA:0,(anonymous_19)
FNDA:0,(anonymous_20)
FNDA:0,(anonymous_21)
FNDA:0,(anonymous_22)
FNDA:0,(anonymous_23)
FNDA:0,(anonymous_24)
FNDA:0,(anonymous_25)
FNDA:0,(anonymous_26)
FNDA:0,(anonymous_27)
FNDA:0,(anonymous_28)
FNDA:0,(anonymous_29)
FNDA:0,(anonymous_30)
FNDA:0,(anonymous_31)
FNDA:0,(anonymous_32)
FNDA:0,(anonymous_33)
FNDA:0,(anonymous_34)
FNDA:0,(anonymous_35)
FNDA:0,(anonymous_36)
FNDA:0,(anonymous_37)
FNDA:0,(anonymous_38)
FNDA:0,(anonymous_39)
FNDA:0,(anonymous_40)
FNDA:0,(anonymous_41)
FNDA:0,(anonymous_42)
FNDA:0,(anonymous_43)
FNDA:0,(anonymous_44)
FNDA:0,(anonymous_45)
FNDA:0,(anonymous_46)
FNDA:0,(anonymous_47)
FNDA:0,(anonymous_48)
FNDA:0,(anonymous_49)
FNDA:0,(anonymous_50)
FNDA:0,(anonymous_51)
FNDA:0,(anonymous_52)
FNDA:0,(anonymous_53)
FNDA:0,(anonymous_54)
FNDA:0,(anonymous_55)
FNDA:0,(anonymous_56)
FNDA:0,(anonymous_57)
FNDA:0,(anonymous_58)
FNDA:0,(anonymous_59)
FNDA:0,(anonymous_60)
FNDA:0,(anonymous_61)
FNDA:0,(anonymous_62)
FNDA:0,(anonymous_63)
FNDA:0,(anonymous_64)
FNDA:0,(anonymous_65)
FNDA:0,(anonymous_66)
FNDA:0,(anonymous_67)
FNDA:0,(anonymous_68)
DA:11,0
DA:12,0
DA:13,0
DA:14,0
DA:15,0
DA:16,0
DA:17,0
DA:18,0
DA:19,0
DA:20,0
DA:21,0
DA:25,0
DA:35,0
DA:36,0
DA:37,0
DA:38,0
DA:39,0
DA:42,0
DA:45,0
DA:48,0
DA:51,0
DA:54,0
DA:55,0
DA:57,0
DA:65,0
DA:66,0
DA:70,0
DA:71,0
DA:74,0
DA:78,0
DA:79,0
DA:82,0
DA:83,0
DA:84,0
DA:85,0
DA:86,0
DA:90,0
DA:91,0
DA:98,0
DA:99,0
DA:106,0
DA:114,0
DA:115,0
DA:122,0
DA:125,0
DA:126,0
DA:127,0
DA:135,0
DA:137,0
DA:142,0
DA:161,0
DA:164,0
DA:169,0
DA:171,0
DA:178,0
DA:187,0
DA:188,0
DA:199,0
DA:200,0
DA:201,0
DA:202,0
DA:206,0
DA:214,0
DA:217,0
DA:225,0
DA:226,0
DA:228,0
DA:229,0
DA:231,0
DA:233,0
DA:244,0
DA:245,0
DA:256,0
DA:258,0
DA:260,0
DA:262,0
DA:264,0
DA:266,0
DA:268,0
DA:277,0
DA:278,0
DA:279,0
DA:282,0
DA:284,0
DA:287,0
DA:289,0
DA:290,0
DA:293,0
DA:300,0
DA:301,0
DA:302,0
DA:313,0
DA:316,0
DA:317,0
DA:318,0
DA:321,0
DA:322,0
DA:325,0
DA:336,0
DA:338,0
DA:340,0
DA:360,0
DA:468,0
DA:469,0
DA:470,0
DA:473,0
DA:474,0
DA:475,0
DA:479,0
DA:509,0
DA:513,0
DA:514,0
DA:516,0
DA:517,0
DA:519,0
DA:520,0
DA:528,0
DA:529,0
DA:537,0
DA:538,0
DA:546,0
DA:547,0
DA:555,0
DA:556,0
DA:566,0
DA:608,0
DA:610,0
DA:611,0
DA:612,0
DA:613,0
DA:614,0
DA:615,0
DA:616,0
DA:617,0
DA:619,0
DA:628,0
DA:629,0
DA:630,0
DA:633,0
DA:656,0
DA:659,0
DA:661,0
DA:662,0
DA:665,0
DA:668,0
DA:669,0
DA:670,0
DA:678,0
DA:681,0
DA:682,0
DA:683,0
DA:684,0
DA:685,0
DA:688,0
DA:700,0
DA:701,0
DA:702,0
DA:705,0
DA:731,0
DA:734,0
DA:736,0
DA:737,0
DA:740,0
DA:743,0
DA:744,0
DA:745,0
DA:757,0
DA:760,0
DA:761,0
DA:762,0
DA:763,0
DA:764,0
DA:767,0
DA:778,0
DA:781,0
DA:782,0
DA:783,0
DA:786,0
DA:788,0
DA:803,0
DA:805,0
DA:813,0
DA:831,0
DA:846,0
DA:848,0
DA:860,0
DA:861,0
DA:862,0
DA:863,0
DA:866,0
DA:867,0
DA:871,0
DA:872,0
DA:876,0
DA:879,0
DA:883,0
DA:884,0
DA:893,0
DA:894,0
DA:898,0
DA:899,0
DA:902,0
DA:904,0
DA:905,0
DA:906,0
DA:907,0
DA:910,0
DA:919,0
DA:920,0
DA:923,0
DA:924,0
DA:925,0
DA:927,0
DA:928,0
DA:929,0
DA:931,0
DA:932,0
DA:935,0
DA:941,0
DA:942,0
DA:943,0
DA:944,0
DA:945,0
DA:946,0
DA:947,0
DA:951,0
DA:952,0
DA:957,0
DA:958,0
DA:959,0
DA:960,0
DA:963,0
DA:972,0
DA:979,0
DA:991,0
DA:992,0
DA:996,0
DA:998,0
DA:1000,0
DA:1004,0
DA:1007,0
DA:1014,0
DA:1015,0
DA:1018,0
DA:1025,0
DA:1026,0
DA:1027,0
DA:1029,0
DA:1047,0
DA:1048,0
DA:1055,0
DA:1061,0
DA:1077,0
DA:1078,0
DA:1086,0
DA:1087,0
DA:1088,0
DA:1092,0
DA:1093,0
DA:1096,0
DA:1099,0
DA:1100,0
DA:1108,0
DA:1109,0
DA:1110,0
DA:1113,0
DA:1114,0
DA:1116,0
DA:1117,0
DA:1118,0
DA:1126,0
DA:1128,0
DA:1144,0
DA:1158,0
DA:1172,0
DA:1185,0
DA:1193,0
DA:1195,0
DA:1196,0
DA:1197,0
DA:1200,0
DA:1204,0
DA:1205,0
DA:1207,0
DA:1208,0
DA:1209,0
DA:1217,0
DA:1240,0
DA:1258,0
DA:1267,0
DA:1274,0
DA:1288,0
DA:1290,0
DA:1293,0
DA:1296,0
DA:1299,0
DA:1302,0
DA:1305,0
DA:1306,0
DA:1309,0
DA:1312,0
DA:1313,0
DA:1314,0
DA:1317,0
DA:1324,0
DA:1327,0
DA:1328,0
DA:1330,0
DA:1334,0
DA:1335,0
DA:1337,0
DA:1341,0
DA:1342,0
DA:1343,0
DA:1344,0
DA:1346,0
DA:1350,0
DA:1351,0
DA:1353,0
DA:1356,0
DA:1363,0
DA:1366,0
DA:1367,0
DA:1369,0
DA:1373,0
DA:1374,0
DA:1375,0
DA:1376,0
DA:1379,0
DA:1383,0
DA:1384,0
DA:1386,0
DA:1390,0
DA:1391,0
DA:1393,0
DA:1397,0
DA:1398,0
DA:1400,0
DA:1403,0
DA:1410,0
DA:1413,0
DA:1414,0
DA:1415,0
DA:1417,0
DA:1421,0
DA:1422,0
DA:1424,0
DA:1428,0
DA:1429,0
DA:1430,0
DA:1432,0
DA:1436,0
DA:1437,0
DA:1439,0
DA:1443,0
DA:1444,0
DA:1446,0
DA:1449,0
DA:1456,0
DA:1459,0
DA:1460,0
DA:1462,0
DA:1466,0
DA:1467,0
DA:1468,0
DA:1471,0
DA:1472,0
DA:1474,0
DA:1477,0
DA:1484,0
DA:1487,0
DA:1488,0
DA:1489,0
DA:1490,0
DA:1493,0
DA:1497,0
DA:1498,0
DA:1500,0
DA:1504,0
DA:1505,0
DA:1508,0
DA:1515,0
DA:1522,0
DA:1529,0
DA:1536,0
DA:1538,0
DA:1546,0
DA:1547,0
DA:1548,0
DA:1549,0
DA:1550,0
DA:1551,0
DA:1552,0
DA:1554,0
DA:1560,0
DA:1562,0
DA:1563,0
DA:1571,0
DA:1573,0
DA:1578,0
DA:1586,0
DA:1587,0
DA:1588,0
DA:1589,0
DA:1590,0
DA:1592,0
DA:1599,0
DA:1600,0
DA:1601,0
DA:1602,0
DA:1603,0
DA:1604,0
DA:1605,0
DA:1606,0
DA:1613,0
DA:1614,0
DA:1615,0
DA:1616,0
DA:1617,0
DA:1618,0
DA:1619,0
DA:1620,0
DA:1627,0
DA:1637,0
DA:1648,0
DA:1649,0
DA:1650,0
DA:1652,0
DA:1655,0
DA:1658,0
DA:1659,0
DA:1660,0
DA:1663,0
DA:1673,0
DA:1674,0
DA:1675,0
DA:1678,0
DA:1679,0
DA:1680,0
DA:1681,0
DA:1684,0
DA:1685,0
DA:1688,0
DA:1689,0
DA:1692,0
DA:1693,0
DA:1694,0
DA:1696,0
DA:1698,0
DA:1713,0
DA:1714,0
DA:1727,0
DA:1736,0
DA:1737,0
DA:1744,0
DA:1774,0
DA:1775,0
DA:1778,0
DA:1781,0
DA:1784,0
DA:1796,0
DA:1798,0
DA:1800,0
DA:1810,0
DA:1811,0
DA:1822,0
DA:1823,0
DA:1824,0
DA:1825,0
DA:1828,0
DA:1830,0
DA:1831,0
DA:1832,0
DA:1833,0
DA:1834,0
DA:1835,0
DA:1838,0
DA:1841,0
DA:1842,0
DA:1853,0
DA:1855,0
DA:1861,0
DA:1863,0
DA:1865,0
DA:1867,0
DA:1868,0
DA:1871,0
DA:1873,0
DA:1886,0
DA:1898,0
DA:1899,0
DA:1907,0
DA:1908,0
DA:1909,0
DA:1910,0
DA:1914,0
DA:1916,0
DA:1933,0
DA:1934,0
DA:1942,0
DA:1944,0
DA:1945,0
DA:1946,0
DA:1950,0
DA:1953,0
DA:1955,0
DA:1956,0
DA:1959,0
DA:1966,0
DA:1967,0
DA:1975,0
DA:1977,0
DA:1978,0
DA:1980,0
DA:1981,0
DA:1983,0
DA:1992,0
DA:1995,0
DA:1996,0
DA:2004,0
DA:2017,0
DA:2024,0
DA:2033,0
DA:2039,0
DA:2040,0
DA:2042,0
DA:2049,0
DA:2050,0
DA:2052,0
DA:2059,0
DA:2060,0
DA:2065,0
DA:2074,0
DA:2075,0
DA:2077,0
DA:2079,0
DA:2080,0
DA:2083,0
DA:2084,0
DA:2086,0
DA:2087,0
DA:2089,0
DA:2090,0
DA:2092,0
DA:2093,0
DA:2097,0
DA:2104,0
DA:2105,0
DA:2107,0
DA:2119,0
DA:2120,0
DA:2121,0
DA:2124,0
DA:2131,0
DA:2132,0
DA:2134,0
DA:2161,0
DA:2174,0
DA:2181,0
DA:2185,0
LF:560
LH:0
BRDA:82,0,0,0
BRDA:82,0,1,0
BRDA:90,1,0,0
BRDA:90,1,1,0
BRDA:90,2,0,0
BRDA:90,2,1,0
BRDA:98,3,0,0
BRDA:98,3,1,0
BRDA:114,4,0,0
BRDA:114,4,1,0
BRDA:114,5,0,0
BRDA:114,5,1,0
BRDA:201,6,0,0
BRDA:201,6,1,0
BRDA:221,7,0,0
BRDA:221,7,1,0
BRDA:225,8,0,0
BRDA:225,8,1,0
BRDA:228,9,0,0
BRDA:228,9,1,0
BRDA:258,10,0,0
BRDA:258,10,1,0
BRDA:258,10,2,0
BRDA:258,10,3,0
BRDA:258,10,4,0
BRDA:293,11,0,0
BRDA:293,11,1,0
BRDA:293,11,2,0
BRDA:293,11,3,0
BRDA:293,11,4,0
BRDA:293,11,5,0
BRDA:293,11,6,0
BRDA:300,12,0,0
BRDA:300,12,1,0
BRDA:300,13,0,0
BRDA:300,13,1,0
BRDA:303,14,0,0
BRDA:303,14,1,0
BRDA:303,14,2,0
BRDA:304,15,0,0
BRDA:304,15,1,0
BRDA:304,15,2,0
BRDA:305,16,0,0
BRDA:305,16,1,0
BRDA:305,16,2,0
BRDA:317,17,0,0
BRDA:317,17,1,0
BRDA:321,18,0,0
BRDA:321,18,1,0
BRDA:338,19,0,0
BRDA:338,19,1,0
BRDA:469,20,0,0
BRDA:469,20,1,0
BRDA:473,21,0,0
BRDA:473,21,1,0
BRDA:516,22,0,0
BRDA:516,22,1,0
BRDA:516,23,0,0
BRDA:516,23,1,0
BRDA:519,24,0,0
BRDA:519,24,1,0
BRDA:519,25,0,0
BRDA:519,25,1,0
BRDA:528,26,0,0
BRDA:528,26,1,0
BRDA:528,27,0,0
BRDA:528,27,1,0
BRDA:537,28,0,0
BRDA:537,28,1,0
BRDA:537,29,0,0
BRDA:537,29,1,0
BRDA:546,30,0,0
BRDA:546,30,1,0
BRDA:546,31,0,0
BRDA:546,31,1,0
BRDA:555,32,0,0
BRDA:555,32,1,0
BRDA:555,33,0,0
BRDA:555,33,1,0
BRDA:608,34,0,0
BRDA:608,34,1,0
BRDA:610,35,0,0
BRDA:610,35,1,0
BRDA:610,36,0,0
BRDA:610,36,1,0
BRDA:612,37,0,0
BRDA:612,37,1,0
BRDA:612,38,0,0
BRDA:612,38,1,0
BRDA:614,39,0,0
BRDA:614,39,1,0
BRDA:614,40,0,0
BRDA:614,40,1,0
BRDA:616,41,0,0
BRDA:616,41,1,0
BRDA:616,42,0,0
BRDA:616,42,1,0
BRDA:665,43,0,0
BRDA:665,43,1,0
BRDA:665,43,2,0
BRDA:668,44,0,0
BRDA:668,44,1,0
BRDA:671,45,0,0
BRDA:671,45,1,0
BRDA:672,46,0,0
BRDA:672,46,1,0
BRDA:673,47,0,0
BRDA:673,47,1,0
BRDA:682,48,0,0
BRDA:682,48,1,0
BRDA:684,49,0,0
BRDA:684,49,1,0
BRDA:740,50,0,0
BRDA:740,50,1,0
BRDA:740,50,2,0
BRDA:743,51,0,0
BRDA:743,51,1,0
BRDA:746,52,0,0
BRDA:746,52,1,0
BRDA:751,53,0,0
BRDA:751,53,1,0
BRDA:761,54,0,0
BRDA:761,54,1,0
BRDA:763,55,0,0
BRDA:763,55,1,0
BRDA:786,56,0,0
BRDA:786,56,1,0
BRDA:819,57,0,0
BRDA:819,57,1,0
BRDA:819,58,0,0
BRDA:819,58,1,0
BRDA:821,59,0,0
BRDA:821,59,1,0
BRDA:824,60,0,0
BRDA:824,60,1,0
BRDA:827,61,0,0
BRDA:827,61,1,0
BRDA:830,62,0,0
BRDA:830,62,1,0
BRDA:835,63,0,0
BRDA:835,63,1,0
BRDA:862,64,0,0
BRDA:862,64,1,0
BRDA:866,65,0,0
BRDA:866,65,1,0
BRDA:866,66,0,0
BRDA:866,66,1,0
BRDA:871,67,0,0
BRDA:871,67,1,0
BRDA:893,68,0,0
BRDA:893,68,1,0
BRDA:927,69,0,0
BRDA:927,69,1,0
BRDA:943,70,0,0
BRDA:943,70,1,0
BRDA:944,71,0,0
BRDA:944,71,1,0
BRDA:951,72,0,0
BRDA:951,72,1,0
BRDA:998,73,0,0
BRDA:998,73,1,0
BRDA:1107,74,0,0
BRDA:1107,75,0,0
BRDA:1108,76,0,0
BRDA:1108,76,1,0
BRDA:1108,77,0,0
BRDA:1108,77,1,0
BRDA:1126,78,0,0
BRDA:1126,78,1,0
BRDA:1126,78,2,0
BRDA:1126,78,3,0
BRDA:1126,78,4,0
BRDA:1195,79,0,0
BRDA:1195,79,1,0
BRDA:1267,80,0,0
BRDA:1267,80,1,0
BRDA:1309,81,0,0
BRDA:1309,81,1,0
BRDA:1327,82,0,0
BRDA:1327,82,1,0
BRDA:1334,83,0,0
BRDA:1334,83,1,0
BRDA:1334,84,0,0
BRDA:1334,84,1,0
BRDA:1341,85,0,0
BRDA:1341,85,1,0
BRDA:1341,86,0,0
BRDA:1341,86,1,0
BRDA:1343,87,0,0
BRDA:1343,87,1,0
BRDA:1344,88,0,0
BRDA:1344,88,1,0
BRDA:1350,89,0,0
BRDA:1350,89,1,0
BRDA:1350,90,0,0
BRDA:1350,90,1,0
BRDA:1366,91,0,0
BRDA:1366,91,1,0
BRDA:1366,92,0,0
BRDA:1366,92,1,0
BRDA:1373,93,0,0
BRDA:1373,93,1,0
BRDA:1375,94,0,0
BRDA:1375,94,1,0
BRDA:1375,95,0,0
BRDA:1375,95,1,0
BRDA:1383,96,0,0
BRDA:1383,96,1,0
BRDA:1390,97,0,0
BRDA:1390,97,1,0
BRDA:1397,98,0,0
BRDA:1397,98,1,0
BRDA:1413,99,0,0
BRDA:1413,99,1,0
BRDA:1413,100,0,0
BRDA:1413,100,1,0
BRDA:1415,101,0,0
BRDA:1415,101,1,0
BRDA:1421,102,0,0
BRDA:1421,102,1,0
BRDA:1421,103,0,0
BRDA:1421,103,1,0
BRDA:1429,104,0,0
BRDA:1429,104,1,0
BRDA:1436,105,0,0
BRDA:1436,105,1,0
BRDA:1436,106,0,0
BRDA:1436,106,1,0
BRDA:1436,106,2,0
BRDA:1443,107,0,0
BRDA:1443,107,1,0
BRDA:1443,108,0,0
BRDA:1443,108,1,0
BRDA:1443,108,2,0
BRDA:1459,109,0,0
BRDA:1459,109,1,0
BRDA:1471,110,0,0
BRDA:1471,110,1,0
BRDA:1471,111,0,0
BRDA:1471,111,1,0
BRDA:1471,111,2,0
BRDA:1487,112,0,0
BRDA:1487,112,1,0
BRDA:1487,113,0,0
BRDA:1487,113,1,0
BRDA:1489,114,0,0
BRDA:1489,114,1,0
BRDA:1489,115,0,0
BRDA:1489,115,1,0
BRDA:1497,116,0,0
BRDA:1497,116,1,0
BRDA:1497,117,0,0
BRDA:1497,117,1,0
BRDA:1504,118,0,0
BRDA:1504,118,1,0
BRDA:1504,119,0,0
BRDA:1504,119,1,0
BRDA:1515,120,0,0
BRDA:1515,120,1,0
BRDA:1548,121,0,0
BRDA:1548,121,1,0
BRDA:1587,122,0,0
BRDA:1587,122,1,0
BRDA:1587,123,0,0
BRDA:1587,123,1,0
BRDA:1587,123,2,0
BRDA:1589,124,0,0
BRDA:1589,124,1,0
BRDA:1589,125,0,0
BRDA:1589,125,1,0
BRDA:1589,125,2,0
BRDA:1600,126,0,0
BRDA:1600,126,1,0
BRDA:1601,127,0,0
BRDA:1601,127,1,0
BRDA:1601,128,0,0
BRDA:1601,128,1,0
BRDA:1602,129,0,0
BRDA:1602,129,1,0
BRDA:1602,130,0,0
BRDA:1602,130,1,0
BRDA:1603,131,0,0
BRDA:1603,131,1,0
BRDA:1603,132,0,0
BRDA:1603,132,1,0
BRDA:1604,133,0,0
BRDA:1604,133,1,0
BRDA:1605,134,0,0
BRDA:1605,134,1,0
BRDA:1605,135,0,0
BRDA:1605,135,1,0
BRDA:1614,136,0,0
BRDA:1614,136,1,0
BRDA:1615,137,0,0
BRDA:1615,137,1,0
BRDA:1616,138,0,0
BRDA:1616,138,1,0
BRDA:1617,139,0,0
BRDA:1617,139,1,0
BRDA:1618,140,0,0
BRDA:1618,140,1,0
BRDA:1619,141,0,0
BRDA:1619,141,1,0
BRDA:1627,142,0,0
BRDA:1627,142,1,0
BRDA:1627,142,2,0
BRDA:1627,142,3,0
BRDA:1637,143,0,0
BRDA:1637,143,1,0
BRDA:1637,143,2,0
BRDA:1637,143,3,0
BRDA:1637,143,4,0
BRDA:1773,144,0,0
BRDA:1824,145,0,0
BRDA:1824,145,1,0
BRDA:1830,146,0,0
BRDA:1830,146,1,0
BRDA:1832,147,0,0
BRDA:1832,147,1,0
BRDA:1834,148,0,0
BRDA:1834,148,1,0
BRDA:1863,149,0,0
BRDA:1863,149,1,0
BRDA:1909,150,0,0
BRDA:1909,150,1,0
BRDA:1945,151,0,0
BRDA:1945,151,1,0
BRDA:1955,152,0,0
BRDA:1955,152,1,0
BRDA:1977,153,0,0
BRDA:1977,153,1,0
BRDA:1977,154,0,0
BRDA:1977,154,1,0
BRDA:2039,155,0,0
BRDA:2039,155,1,0
BRDA:2040,156,0,0
BRDA:2040,156,1,0
BRDA:2059,157,0,0
BRDA:2059,157,1,0
BRDA:2079,158,0,0
BRDA:2079,158,1,0
BRDA:2083,159,0,0
BRDA:2083,159,1,0
BRDA:2086,160,0,0
BRDA:2086,160,1,0
BRDA:2089,161,0,0
BRDA:2089,161,1,0
BRDA:2092,162,0,0
BRDA:2092,162,1,0
BRDA:2092,163,0,0
BRDA:2092,163,1,0
BRDA:2120,164,0,0
BRDA:2120,164,1,0
BRDA:2120,165,0,0
BRDA:2120,165,1,0
BRDA:2138,166,0,0
BRDA:2138,166,1,0
BRDA:2139,167,0,0
BRDA:2139,167,1,0
BRDA:2140,168,0,0
BRDA:2140,168,1,0
BRDA:2141,169,0,0
BRDA:2141,169,1,0
BRDA:2142,170,0,0
BRDA:2142,170,1,0
BRF:365
BRH:0
end_of_record
TN:
SF:server/PerformanceMonitor.js
FN:10,(anonymous_0)
FN:102,(anonymous_1)
FN:134,(anonymous_2)
FN:157,(anonymous_3)
FN:195,(anonymous_4)
FN:244,(anonymous_5)
FN:262,(anonymous_6)
FN:316,(anonymous_7)
FN:351,(anonymous_8)
FN:365,(anonymous_9)
FN:391,(anonymous_10)
FN:415,(anonymous_11)
FN:458,(anonymous_12)
FN:501,(anonymous_13)
FN:510,(anonymous_14)
FN:511,(anonymous_15)
FN:528,(anonymous_16)
FN:529,(anonymous_17)
FN:546,(anonymous_18)
FN:567,(anonymous_19)
FN:580,(anonymous_20)
FN:595,(anonymous_21)
FN:610,(anonymous_22)
FN:625,(anonymous_23)
FN:635,(anonymous_24)
FN:637,(anonymous_25)
FN:642,(anonymous_26)
FN:647,(anonymous_27)
FN:656,(anonymous_28)
FN:677,(anonymous_29)
FN:694,(anonymous_30)
FNF:31
FNH:0
FNDA:0,(anonymous_0)
FNDA:0,(anonymous_1)
FNDA:0,(anonymous_2)
FNDA:0,(anonymous_3)
FNDA:0,(anonymous_4)
FNDA:0,(anonymous_5)
FNDA:0,(anonymous_6)
FNDA:0,(anonymous_7)
FNDA:0,(anonymous_8)
FNDA:0,(anonymous_9)
FNDA:0,(anonymous_10)
FNDA:0,(anonymous_11)
FNDA:0,(anonymous_12)
FNDA:0,(anonymous_13)
FNDA:0,(anonymous_14)
FNDA:0,(anonymous_15)
FNDA:0,(anonymous_16)
FNDA:0,(anonymous_17)
FNDA:0,(anonymous_18)
FNDA:0,(anonymous_19)
FNDA:0,(anonymous_20)
FNDA:0,(anonymous_21)
FNDA:0,(anonymous_22)
FNDA:0,(anonymous_23)
FNDA:0,(anonymous_24)
FNDA:0,(anonymous_25)
FNDA:0,(anonymous_26)
FNDA:0,(anonymous_27)
FNDA:0,(anonymous_28)
FNDA:0,(anonymous_29)
FNDA:0,(anonymous_30)
DA:12,0
DA:71,0
DA:72,0
DA:75,0
DA:84,0
DA:93,0
DA:96,0
DA:103,0
DA:124,0
DA:125,0
DA:127,0
DA:128,0
DA:135,0
DA:136,0
DA:137,0
DA:138,0
DA:141,0
DA:142,0
DA:144,0
DA:151,0
DA:158,0
DA:161,0
DA:162,0
DA:163,0
DA:165,0
DA:166,0
DA:169,0
DA:170,0
DA:171,0
DA:172,0
DA:176,0
DA:177,0
DA:178,0
DA:182,0
DA:185,0
DA:186,0
DA:189,0
DA:196,0
DA:197,0
DA:198,0
DA:202,0
DA:203,0
DA:208,0
DA:213,0
DA:214,0
DA:215,0
DA:222,0
DA:223,0
DA:224,0
DA:226,0
DA:231,0
DA:234,0
DA:235,0
DA:238,0
DA:245,0
DA:247,0
DA:248,0
DA:249,0
DA:253,0
DA:256,0
DA:263,0
DA:264,0
DA:265,0
DA:266,0
DA:269,0
DA:270,0
DA:272,0
DA:273,0
DA:274,0
DA:275,0
DA:276,0
DA:279,0
DA:280,0
DA:283,0
DA:284,0
DA:286,0
DA:290,0
DA:293,0
DA:294,0
DA:297,0
DA:298,0
DA:302,0
DA:305,0
DA:306,0
DA:309,0
DA:310,0
DA:317,0
DA:318,0
DA:320,0
DA:328,0
DA:335,0
DA:336,0
DA:338,0
DA:339,0
DA:343,0
DA:344,0
DA:352,0
DA:353,0
DA:356,0
DA:357,0
DA:358,0
DA:366,0
DA:367,0
DA:369,0
DA:371,0
DA:372,0
DA:377,0
DA:378,0
DA:382,0
DA:383,0
DA:392,0
DA:409,0
DA:416,0
DA:419,0
DA:420,0
DA:430,0
DA:431,0
DA:441,0
DA:442,0
DA:443,0
DA:452,0
DA:459,0
DA:462,0
DA:463,0
DA:473,0
DA:474,0
DA:484,0
DA:485,0
DA:486,0
DA:495,0
DA:502,0
DA:505,0
DA:506,0
DA:507,0
DA:509,0
DA:510,0
DA:511,0
DA:513,0
DA:523,0
DA:524,0
DA:525,0
DA:527,0
DA:528,0
DA:529,0
DA:531,0
DA:540,0
DA:547,0
DA:548,0
DA:550,0
DA:568,0
DA:576,0
DA:579,0
DA:580,0
DA:581,0
DA:582,0
DA:584,0
DA:589,0
DA:596,0
DA:604,0
DA:611,0
DA:619,0
DA:626,0
DA:627,0
DA:629,0
DA:637,0
DA:638,0
DA:642,0
DA:643,0
DA:647,0
DA:648,0
DA:649,0
DA:657,0
DA:658,0
DA:660,0
DA:661,0
DA:662,0
DA:663,0
DA:664,0
DA:665,0
DA:669,0
DA:670,0
DA:678,0
DA:695,0
DA:696,0
DA:697,0
DA:698,0
DA:699,0
DA:700,0
DA:701,0
DA:702,0
DA:703,0
DA:707,0
LF:192
LH:0
BRDA:102,0,0,0
BRDA:134,1,0,0
BRDA:136,2,0,0
BRDA:136,2,1,0
BRDA:142,3,0,0
BRDA:142,3,1,0
BRDA:145,4,0,0
BRDA:145,4,1,0
BRDA:157,5,0,0
BRDA:157,6,0,0
BRDA:165,7,0,0
BRDA:165,7,1,0
BRDA:169,8,0,0
BRDA:169,8,1,0
BRDA:170,9,0,0
BRDA:170,9,1,0
BRDA:171,10,0,0
BRDA:171,10,1,0
BRDA:172,11,0,0
BRDA:172,11,1,0
BRDA:172,12,0,0
BRDA:172,12,1,0
BRDA:177,13,0,0
BRDA:177,13,1,0
BRDA:185,14,0,0
BRDA:185,14,1,0
BRDA:197,15,0,0
BRDA:197,15,1,0
BRDA:213,16,0,0
BRDA:213,16,1,0
BRDA:214,17,0,0
BRDA:214,17,1,0
BRDA:234,18,0,0
BRDA:234,18,1,0
BRDA:247,19,0,0
BRDA:247,19,1,0
BRDA:262,20,0,0
BRDA:262,21,0,0
BRDA:264,22,0,0
BRDA:264,22,1,0
BRDA:283,23,0,0
BRDA:283,23,1,0
BRDA:297,24,0,0
BRDA:297,24,1,0
BRDA:305,25,0,0
BRDA:305,25,1,0
BRDA:335,26,0,0
BRDA:335,26,1,0
BRDA:338,27,0,0
BRDA:338,27,1,0
BRDA:343,28,0,0
BRDA:343,28,1,0
BRDA:356,29,0,0
BRDA:356,29,1,0
BRDA:371,30,0,0
BRDA:371,30,1,0
BRDA:377,31,0,0
BRDA:377,31,1,0
BRDA:379,32,0,0
BRDA:379,32,1,0
BRDA:382,33,0,0
BRDA:382,33,1,0
BRDA:384,34,0,0
BRDA:384,34,1,0
BRDA:419,35,0,0
BRDA:419,35,1,0
BRDA:430,36,0,0
BRDA:430,36,1,0
BRDA:442,37,0,0
BRDA:442,37,1,0
BRDA:462,38,0,0
BRDA:462,38,1,0
BRDA:473,39,0,0
BRDA:473,39,1,0
BRDA:485,40,0,0
BRDA:485,40,1,0
BRDA:485,41,0,0
BRDA:485,41,1,0
BRDA:505,42,0,0
BRDA:505,42,1,0
BRDA:509,43,0,0
BRDA:509,43,1,0
BRDA:514,44,0,0
BRDA:514,44,1,0
BRDA:523,45,0,0
BRDA:523,45,1,0
BRDA:527,46,0,0
BRDA:527,46,1,0
BRDA:532,47,0,0
BRDA:532,47,1,0
BRDA:551,48,0,0
BRDA:551,48,1,0
BRDA:556,49,0,0
BRDA:556,49,1,0
BRDA:579,50,0,0
BRDA:579,50,1,0
BRDA:604,51,0,0
BRDA:604,51,1,0
BRDA:619,52,0,0
BRDA:619,52,1,0
BRDA:626,53,0,0
BRDA:626,53,1,0
BRDA:662,54,0,0
BRDA:662,54,1,0
BRDA:669,55,0,0
BRDA:669,55,1,0
BRF:106
BRH:0
end_of_record
TN:
SF:server/RequirementCollector.js
FN:10,(anonymous_0)
FN:15,(anonymous_1)
FN:24,(anonymous_2)
FN:33,(anonymous_3)
FN:42,(anonymous_4)
FN:51,(anonymous_5)
FN:60,(anonymous_6)
FN:105,(anonymous_7)
FN:141,(anonymous_8)
FN:176,(anonymous_9)
FN:180,(anonymous_10)
FN:188,(anonymous_11)
FN:197,(anonymous_12)
FN:204,(anonymous_13)
FN:217,(anonymous_14)
FN:221,(anonymous_15)
FN:222,(anonymous_16)
FN:231,(anonymous_17)
FN:254,(anonymous_18)
FN:256,(anonymous_19)
FN:257,(anonymous_20)
FN:258,(anonymous_21)
FN:268,(anonymous_22)
FN:274,(anonymous_23)
FN:297,(anonymous_24)
FN:310,(anonymous_25)
FN:328,(anonymous_26)
FN:343,(anonymous_27)
FN:367,(anonymous_28)
FN:402,(anonymous_29)
FN:421,(anonymous_30)
FN:436,(anonymous_31)
FN:438,(anonymous_32)
FN:444,(anonymous_33)
FN:447,(anonymous_34)
FN:449,(anonymous_35)
FN:450,(anonymous_36)
FN:457,(anonymous_37)
FN:459,(anonymous_38)
FN:464,(anonymous_39)
FN:466,(anonymous_40)
FNF:41
FNH:0
FNDA:0,(anonymous_0)
FNDA:0,(anonymous_1)
FNDA:0,(anonymous_2)
FNDA:0,(anonymous_3)
FNDA:0,(anonymous_4)
FNDA:0,(anonymous_5)
FNDA:0,(anonymous_6)
FNDA:0,(anonymous_7)
FNDA:0,(anonymous_8)
FNDA:0,(anonymous_9)
FNDA:0,(anonymous_10)
FNDA:0,(anonymous_11)
FNDA:0,(anonymous_12)
FNDA:0,(anonymous_13)
FNDA:0,(anonymous_14)
FNDA:0,(anonymous_15)
FNDA:0,(anonymous_16)
FNDA:0,(anonymous_17)
FNDA:0,(anonymous_18)
FNDA:0,(anonymous_19)
FNDA:0,(anonymous_20)
FNDA:0,(anonymous_21)
FNDA:0,(anonymous_22)
FNDA:0,(anonymous_23)
FNDA:0,(anonymous_24)
FNDA:0,(anonymous_25)
FNDA:0,(anonymous_26)
FNDA:0,(anonymous_27)
FNDA:0,(anonymous_28)
FNDA:0,(anonymous_29)
FNDA:0,(anonymous_30)
FNDA:0,(anonymous_31)
FNDA:0,(anonymous_32)
FNDA:0,(anonymous_33)
FNDA:0,(anonymous_34)
FNDA:0,(anonymous_35)
FNDA:0,(anonymous_36)
FNDA:0,(anonymous_37)
FNDA:0,(anonymous_38)
FNDA:0,(anonymous_39)
FNDA:0,(anonymous_40)
DA:12,0
DA:15,0
DA:24,0
DA:33,0
DA:42,0
DA:51,0
DA:60,0
DA:70,0
DA:98,0
DA:99,0
DA:106,0
DA:108,0
DA:124,0
DA:125,0
DA:128,0
DA:129,0
DA:131,0
DA:142,0
DA:143,0
DA:144,0
DA:148,0
DA:151,0
DA:154,0
DA:155,0
DA:158,0
DA:159,0
DA:160,0
DA:163,0
DA:177,0
DA:180,0
DA:181,0
DA:182,0
DA:183,0
DA:188,0
DA:189,0
DA:190,0
DA:191,0
DA:196,0
DA:197,0
DA:198,0
DA:199,0
DA:204,0
DA:205,0
DA:206,0
DA:211,0
DA:212,0
DA:217,0
DA:218,0
DA:219,0
DA:220,0
DA:221,0
DA:222,0
DA:223,0
DA:230,0
DA:231,0
DA:232,0
DA:233,0
DA:234,0
DA:235,0
DA:240,0
DA:241,0
DA:242,0
DA:243,0
DA:245,0
DA:246,0
DA:255,0
DA:256,0
DA:257,0
DA:258,0
DA:269,0
DA:270,0
DA:273,0
DA:274,0
DA:276,0
DA:277,0
DA:278,0
DA:285,0
DA:286,0
DA:290,0
DA:291,0
DA:298,0
DA:299,0
DA:310,0
DA:311,0
DA:312,0
DA:313,0
DA:314,0
DA:315,0
DA:317,0
DA:322,0
DA:329,0
DA:330,0
DA:332,0
DA:344,0
DA:345,0
DA:346,0
DA:349,0
DA:350,0
DA:353,0
DA:355,0
DA:368,0
DA:403,0
DA:404,0
DA:405,0
DA:408,0
DA:422,0
DA:423,0
DA:425,0
DA:426,0
DA:427,0
DA:428,0
DA:437,0
DA:438,0
DA:440,0
DA:444,0
DA:447,0
DA:449,0
DA:450,0
DA:458,0
DA:459,0
DA:460,0
DA:463,0
DA:464,0
DA:466,0
DA:470,0
LF:125
LH:0
BRDA:15,0,0,0
BRDA:15,0,1,0
BRDA:33,1,0,0
BRDA:33,1,1,0
BRDA:60,2,0,0
BRDA:60,2,1,0
BRDA:105,3,0,0
BRDA:124,4,0,0
BRDA:124,4,1,0
BRDA:143,5,0,0
BRDA:143,5,1,0
BRDA:158,6,0,0
BRDA:158,6,1,0
BRDA:158,7,0,0
BRDA:158,7,1,0
BRDA:166,8,0,0
BRDA:166,8,1,0
BRDA:181,9,0,0
BRDA:181,9,1,0
BRDA:183,10,0,0
BRDA:183,10,1,0
BRDA:189,11,0,0
BRDA:189,11,1,0
BRDA:191,12,0,0
BRDA:191,12,1,0
BRDA:196,13,0,0
BRDA:196,13,1,0
BRDA:198,14,0,0
BRDA:198,14,1,0
BRDA:198,15,0,0
BRDA:198,15,1,0
BRDA:205,16,0,0
BRDA:205,16,1,0
BRDA:211,17,0,0
BRDA:211,17,1,0
BRDA:220,18,0,0
BRDA:220,18,1,0
BRDA:222,19,0,0
BRDA:222,19,1,0
BRDA:232,20,0,0
BRDA:232,20,1,0
BRDA:233,21,0,0
BRDA:233,21,1,0
BRDA:241,22,0,0
BRDA:241,22,1,0
BRDA:242,23,0,0
BRDA:242,23,1,0
BRDA:242,24,0,0
BRDA:242,24,1,0
BRDA:245,25,0,0
BRDA:245,25,1,0
BRDA:245,26,0,0
BRDA:245,26,1,0
BRDA:269,27,0,0
BRDA:269,27,1,0
BRDA:276,28,0,0
BRDA:276,28,1,0
BRDA:311,29,0,0
BRDA:311,29,1,0
BRDA:312,30,0,0
BRDA:312,30,1,0
BRDA:313,31,0,0
BRDA:313,31,1,0
BRDA:314,32,0,0
BRDA:314,32,1,0
BRDA:315,33,0,0
BRDA:315,33,1,0
BRDA:345,34,0,0
BRDA:345,34,1,0
BRDA:370,35,0,0
BRDA:370,35,1,0
BRDA:371,36,0,0
BRDA:371,36,1,0
BRDA:372,37,0,0
BRDA:372,37,1,0
BRDA:375,38,0,0
BRDA:375,38,1,0
BRDA:376,39,0,0
BRDA:376,39,1,0
BRDA:380,40,0,0
BRDA:380,40,1,0
BRDA:381,41,0,0
BRDA:381,41,1,0
BRDA:382,42,0,0
BRDA:382,42,1,0
BRDA:386,43,0,0
BRDA:386,43,1,0
BRDA:387,44,0,0
BRDA:387,44,1,0
BRDA:390,45,0,0
BRDA:390,45,1,0
BRDA:391,46,0,0
BRDA:391,46,1,0
BRDA:394,47,0,0
BRDA:394,47,1,0
BRDA:404,48,0,0
BRDA:404,48,1,0
BRDA:427,49,0,0
BRDA:427,49,1,0
BRDA:443,50,0,0
BRDA:443,50,1,0
BRDA:446,51,0,0
BRDA:446,51,1,0
BRDA:460,52,0,0
BRDA:460,52,1,0
BRF:105
BRH:0
end_of_record
TN:
SF:server/SessionManager.js
FN:11,(anonymous_0)
FN:32,(anonymous_1)
FN:77,(anonymous_2)
FN:122,(anonymous_3)
FN:153,(anonymous_4)
FN:169,(anonymous_5)
FN:194,(anonymous_6)
FN:238,(anonymous_7)
FN:245,(anonymous_8)
FN:257,(anonymous_9)
FN:281,(anonymous_10)
FN:305,(anonymous_11)
FN:321,(anonymous_12)
FN:333,(anonymous_13)
FN:336,(anonymous_14)
FN:344,(anonymous_15)
FNF:16
FNH:0
FNDA:0,(anonymous_0)
FNDA:0,(anonymous_1)
FNDA:0,(anonymous_2)
FNDA:0,(anonymous_3)
FNDA:0,(anonymous_4)
FNDA:0,(anonymous_5)
FNDA:0,(anonymous_6)
FNDA:0,(anonymous_7)
FNDA:0,(anonymous_8)
FNDA:0,(anonymous_9)
FNDA:0,(anonymous_10)
FNDA:0,(anonymous_11)
FNDA:0,(anonymous_12)
FNDA:0,(anonymous_13)
FNDA:0,(anonymous_14)
FNDA:0,(anonymous_15)
DA:13,0
DA:16,0
DA:24,0
DA:26,0
DA:33,0
DA:35,0
DA:36,0
DA:38,0
DA:40,0
DA:57,0
DA:59,0
DA:61,0
DA:68,0
DA:69,0
DA:71,0
DA:78,0
DA:80,0
DA:81,0
DA:85,0
DA:86,0
DA:90,0
DA:92,0
DA:102,0
DA:103,0
DA:106,0
DA:108,0
DA:110,0
DA:123,0
DA:125,0
DA:126,0
DA:129,0
DA:130,0
DA:131,0
DA:135,0
DA:136,0
DA:138,0
DA:154,0
DA:155,0
DA:157,0
DA:158,0
DA:159,0
DA:160,0
DA:161,0
DA:162,0
DA:170,0
DA:171,0
DA:172,0
DA:175,0
DA:176,0
DA:179,0
DA:180,0
DA:182,0
DA:184,0
DA:195,0
DA:197,0
DA:199,0
DA:200,0
DA:201,0
DA:202,0
DA:207,0
DA:211,0
DA:212,0
DA:213,0
DA:214,0
DA:215,0
DA:218,0
DA:220,0
DA:227,0
DA:232,0
DA:239,0
DA:246,0
DA:247,0
DA:248,0
DA:251,0
DA:258,0
DA:259,0
DA:260,0
DA:261,0
DA:263,0
DA:264,0
DA:265,0
DA:266,0
DA:269,0
DA:282,0
DA:283,0
DA:284,0
DA:286,0
DA:287,0
DA:290,0
DA:293,0
DA:294,0
DA:295,0
DA:298,0
DA:299,0
DA:306,0
DA:308,0
DA:310,0
DA:312,0
DA:314,0
DA:322,0
DA:323,0
DA:324,0
DA:325,0
DA:326,0
DA:334,0
DA:336,0
DA:337,0
DA:345,0
DA:346,0
DA:348,0
DA:349,0
DA:351,0
DA:352,0
DA:353,0
DA:354,0
DA:358,0
DA:359,0
DA:364,0
LF:118
LH:0
BRDA:77,0,0,0
BRDA:80,1,0,0
BRDA:80,1,1,0
BRDA:85,2,0,0
BRDA:85,2,1,0
BRDA:125,3,0,0
BRDA:125,3,1,0
BRDA:130,4,0,0
BRDA:130,4,1,0
BRDA:157,5,0,0
BRDA:157,5,1,0
BRDA:157,6,0,0
BRDA:157,6,1,0
BRDA:160,7,0,0
BRDA:160,7,1,0
BRDA:160,8,0,0
BRDA:160,8,1,0
BRDA:171,9,0,0
BRDA:171,9,1,0
BRDA:175,10,0,0
BRDA:175,10,1,0
BRDA:199,11,0,0
BRDA:199,11,1,0
BRDA:212,12,0,0
BRDA:212,12,1,0
BRDA:247,13,0,0
BRDA:247,13,1,0
BRDA:264,14,0,0
BRDA:264,14,1,0
BRDA:265,15,0,0
BRDA:265,15,1,0
BRDA:293,16,0,0
BRDA:293,16,1,0
BRDA:306,17,0,0
BRDA:306,17,1,0
BRDA:306,17,2,0
BRDA:306,17,3,0
BRDA:310,18,0,0
BRDA:310,18,1,0
BRDA:322,19,0,0
BRDA:322,19,1,0
BRDA:322,19,2,0
BRDA:322,19,3,0
BRDA:351,20,0,0
BRDA:351,20,1,0
BRDA:358,21,0,0
BRDA:358,21,1,0
BRF:47
BRH:0
end_of_record
TN:
SF:server/app.js
FN:21,startApplication
FN:71,setupGracefulShutdown
FN:74,(anonymous_2)
FN:75,(anonymous_3)
FN:96,setupErrorHandlers
FN:98,(anonymous_5)
FN:110,(anonymous_6)
FN:123,setupDevelopmentFeatures
FN:130,(anonymous_8)
FN:150,validateEnvironment
FN:156,(anonymous_10)
FN:172,main
FN:194,(anonymous_12)
FNF:13
FNH:0
FNDA:0,startApplication
FNDA:0,setupGracefulShutdown
FNDA:0,(anonymous_2)
FNDA:0,(anonymous_3)
FNDA:0,setupErrorHandlers
FNDA:0,(anonymous_5)
FNDA:0,(anonymous_6)
FNDA:0,setupDevelopmentFeatures
FNDA:0,(anonymous_8)
FNDA:0,validateEnvironment
FNDA:0,(anonymous_10)
FNDA:0,main
FNDA:0,(anonymous_12)
DA:10,0
DA:11,0
DA:12,0
DA:15,0
DA:16,0
DA:22,0
DA:23,0
DA:24,0
DA:25,0
DA:28,0
DA:36,0
DA:38,0
DA:39,0
DA:40,0
DA:41,0
DA:42,0
DA:45,0
DA:48,0
DA:51,0
DA:52,0
DA:53,0
DA:54,0
DA:55,0
DA:56,0
DA:58,0
DA:59,0
DA:60,0
DA:64,0
DA:72,0
DA:74,0
DA:75,0
DA:76,0
DA:78,0
DA:79,0
DA:80,0
DA:81,0
DA:82,0
DA:85,0
DA:87,0
DA:98,0
DA:99,0
DA:100,0
DA:102,0
DA:104,0
DA:105,0
DA:110,0
DA:111,0
DA:112,0
DA:115,0
DA:116,0
DA:124,0
DA:126,0
DA:127,0
DA:130,0
DA:131,0
DA:132,0
DA:140,0
DA:141,0
DA:151,0
DA:156,0
DA:158,0
DA:159,0
DA:160,0
DA:162,0
DA:163,0
DA:164,0
DA:173,0
DA:174,0
DA:177,0
DA:180,0
DA:183,0
DA:186,0
DA:189,0
DA:193,0
DA:194,0
DA:195,0
DA:196,0
DA:200,0
LF:78
LH:0
BRDA:15,0,0,0
BRDA:15,0,1,0
BRDA:16,1,0,0
BRDA:16,1,1,0
BRDA:51,2,0,0
BRDA:51,2,1,0
BRDA:54,3,0,0
BRDA:54,3,1,0
BRDA:59,4,0,0
BRDA:59,4,1,0
BRDA:79,5,0,0
BRDA:79,5,1,0
BRDA:102,6,0,0
BRDA:102,6,1,0
BRDA:124,7,0,0
BRDA:124,7,1,0
BRDA:140,8,0,0
BRDA:140,8,1,0
BRDA:158,9,0,0
BRDA:158,9,1,0
BRDA:162,10,0,0
BRDA:162,10,1,0
BRDA:193,11,0,0
BRDA:193,11,1,0
BRF:24
BRH:0
end_of_record
TN:
SF:server/index.js
FN:26,(anonymous_0)
FN:61,(anonymous_1)
FN:75,(anonymous_2)
FN:84,(anonymous_3)
FN:86,(anonymous_4)
FN:92,(anonymous_5)
FN:97,(anonymous_6)
FN:102,(anonymous_7)
FN:107,(anonymous_8)
FN:112,(anonymous_9)
FN:122,(anonymous_10)
FN:137,(anonymous_11)
FN:154,(anonymous_12)
FN:299,(anonymous_13)
FN:323,(anonymous_14)
FN:340,(anonymous_15)
FN:371,(anonymous_16)
FN:442,(anonymous_17)
FN:474,(anonymous_18)
FN:506,(anonymous_19)
FN:528,(anonymous_20)
FN:552,(anonymous_21)
FN:584,(anonymous_22)
FN:609,(anonymous_23)
FN:632,(anonymous_24)
FN:664,(anonymous_25)
FN:687,(anonymous_26)
FN:707,(anonymous_27)
FN:743,(anonymous_28)
FN:771,(anonymous_29)
FN:793,(anonymous_30)
FN:816,(anonymous_31)
FN:846,(anonymous_32)
FN:896,(anonymous_33)
FN:937,(anonymous_34)
FN:964,(anonymous_35)
FN:987,(anonymous_36)
FN:998,(anonymous_37)
FN:1010,(anonymous_38)
FN:1054,(anonymous_39)
FN:1091,(anonymous_40)
FN:1092,(anonymous_41)
FN:1331,(anonymous_42)
FN:1825,(anonymous_43)
FN:2094,(anonymous_44)
FN:2095,(anonymous_45)
FN:2099,(anonymous_46)
FN:2140,(anonymous_47)
FN:2192,(anonymous_48)
FN:2212,(anonymous_49)
FN:2244,(anonymous_50)
FN:2250,(anonymous_51)
FN:2253,(anonymous_52)
FN:2267,(anonymous_53)
FN:2276,(anonymous_54)
FN:2277,(anonymous_55)
FN:2289,(anonymous_56)
FN:2307,(anonymous_57)
FN:2308,(anonymous_58)
FN:2319,(anonymous_59)
FN:2324,(anonymous_60)
FNF:61
FNH:0
FNDA:0,(anonymous_0)
FNDA:0,(anonymous_1)
FNDA:0,(anonymous_2)
FNDA:0,(anonymous_3)
FNDA:0,(anonymous_4)
FNDA:0,(anonymous_5)
FNDA:0,(anonymous_6)
FNDA:0,(anonymous_7)
FNDA:0,(anonymous_8)
FNDA:0,(anonymous_9)
FNDA:0,(anonymous_10)
FNDA:0,(anonymous_11)
FNDA:0,(anonymous_12)
FNDA:0,(anonymous_13)
FNDA:0,(anonymous_14)
FNDA:0,(anonymous_15)
FNDA:0,(anonymous_16)
FNDA:0,(anonymous_17)
FNDA:0,(anonymous_18)
FNDA:0,(anonymous_19)
FNDA:0,(anonymous_20)
FNDA:0,(anonymous_21)
FNDA:0,(anonymous_22)
FNDA:0,(anonymous_23)
FNDA:0,(anonymous_24)
FNDA:0,(anonymous_25)
FNDA:0,(anonymous_26)
FNDA:0,(anonymous_27)
FNDA:0,(anonymous_28)
FNDA:0,(anonymous_29)
FNDA:0,(anonymous_30)
FNDA:0,(anonymous_31)
FNDA:0,(anonymous_32)
FNDA:0,(anonymous_33)
FNDA:0,(anonymous_34)
FNDA:0,(anonymous_35)
FNDA:0,(anonymous_36)
FNDA:0,(anonymous_37)
FNDA:0,(anonymous_38)
FNDA:0,(anonymous_39)
FNDA:0,(anonymous_40)
FNDA:0,(anonymous_41)
FNDA:0,(anonymous_42)
FNDA:0,(anonymous_43)
FNDA:0,(anonymous_44)
FNDA:0,(anonymous_45)
FNDA:0,(anonymous_46)
FNDA:0,(anonymous_47)
FNDA:0,(anonymous_48)
FNDA:0,(anonymous_49)
FNDA:0,(anonymous_50)
FNDA:0,(anonymous_51)
FNDA:0,(anonymous_52)
FNDA:0,(anonymous_53)
FNDA:0,(anonymous_54)
FNDA:0,(anonymous_55)
FNDA:0,(anonymous_56)
FNDA:0,(anonymous_57)
FNDA:0,(anonymous_58)
FNDA:0,(anonymous_59)
FNDA:0,(anonymous_60)
DA:10,0
DA:11,0
DA:12,0
DA:13,0
DA:14,0
DA:15,0
DA:16,0
DA:18,0
DA:19,0
DA:20,0
DA:21,0
DA:22,0
DA:23,0
DA:27,0
DA:28,0
DA:29,0
DA:37,0
DA:38,0
DA:39,0
DA:40,0
DA:41,0
DA:42,0
DA:43,0
DA:45,0
DA:46,0
DA:47,0
DA:50,0
DA:53,0
DA:55,0
DA:63,0
DA:67,0
DA:68,0
DA:69,0
DA:72,0
DA:75,0
DA:76,0
DA:77,0
DA:86,0
DA:87,0
DA:88,0
DA:92,0
DA:93,0
DA:97,0
DA:98,0
DA:102,0
DA:103,0
DA:107,0
DA:108,0
DA:112,0
DA:113,0
DA:114,0
DA:122,0
DA:123,0
DA:124,0
DA:125,0
DA:130,0
DA:137,0
DA:138,0
DA:139,0
[...]
BRDA:309,17,1,0
BRDA:351,18,0,0
BRDA:351,18,1,0
BRDA:355,19,0,0
BRDA:355,19,1,0
BRDA:359,20,0,0
BRDA:359,20,1,0
BRDA:363,21,0,0
BRDA:363,21,1,0
BRDA:371,22,0,0
BRDA:371,22,1,0
BRDA:373,23,0,0
BRDA:373,23,1,0
BRDA:399,24,0,0
BRDA:399,24,1,0
BRDA:399,25,0,0
BRDA:399,25,1,0
BRDA:403,26,0,0
BRDA:403,26,1,0
BRDA:403,27,0,0
BRDA:403,27,1,0
BRDA:407,28,0,0
BRDA:407,28,1,0
BRDA:407,29,0,0
BRDA:407,29,1,0
BRDA:411,30,0,0
BRDA:411,30,1,0
BRDA:411,31,0,0
BRDA:411,31,1,0
BRF:62
BRH:0
end_of_record
TN:
SF:server/services/DocumentationService.js
FN:11,(anonymous_0)
FN:43,(anonymous_1)
FN:50,(anonymous_2)
FN:85,(anonymous_3)
FN:86,(anonymous_4)
FN:94,(anonymous_5)
FN:130,(anonymous_6)
FN:160,(anonymous_7)
FN:188,(anonymous_8)
FN:200,(anonymous_9)
FN:258,(anonymous_10)
FN:507,(anonymous_11)
FN:930,(anonymous_12)
FN:1789,(anonymous_13)
FN:1812,(anonymous_14)
FN:1828,(anonymous_15)
FN:1839,(anonymous_16)
FN:1856,(anonymous_17)
FN:1865,(anonymous_18)
FN:1893,(anonymous_19)
FN:1900,(anonymous_20)
FN:1901,(anonymous_21)
FN:1907,(anonymous_22)
FNF:23
FNH:0
FNDA:0,(anonymous_0)
FNDA:0,(anonymous_1)
FNDA:0,(anonymous_2)
FNDA:0,(anonymous_3)
FNDA:0,(anonymous_4)
FNDA:0,(anonymous_5)
FNDA:0,(anonymous_6)
FNDA:0,(anonymous_7)
FNDA:0,(anonymous_8)
FNDA:0,(anonymous_9)
FNDA:0,(anonymous_10)
FNDA:0,(anonymous_11)
FNDA:0,(anonymous_12)
FNDA:0,(anonymous_13)
FNDA:0,(anonymous_14)
FNDA:0,(anonymous_15)
FNDA:0,(anonymous_16)
FNDA:0,(anonymous_17)
FNDA:0,(anonymous_18)
FNDA:0,(anonymous_19)
FNDA:0,(anonymous_20)
FNDA:0,(anonymous_21)
FNDA:0,(anonymous_22)
DA:12,0
DA:13,0
DA:21,0
DA:30,0
DA:37,0
DA:44,0
DA:51,0
DA:53,0
DA:67,0
DA:69,0
DA:70,0
DA:72,0
DA:77,0
DA:80,0
DA:83,0
DA:85,0
DA:86,0
DA:95,0
DA:96,0
DA:98,0
DA:99,0
DA:101,0
DA:102,0
DA:104,0
DA:105,0
DA:111,0
DA:112,0
DA:114,0
DA:117,0
DA:120,0
DA:124,0
DA:131,0
DA:133,0
DA:134,0
DA:135,0
DA:136,0
DA:138,0
DA:139,0
DA:143,0
DA:148,0
DA:150,0
DA:161,0
DA:164,0
DA:182,0
DA:189,0
DA:190,0
DA:191,0
DA:194,0
DA:201,0
DA:252,0
DA:259,0
DA:501,0
DA:508,0
DA:924,0
DA:931,0
DA:1783,0
DA:1791,0
DA:1799,0
DA:1801,0
DA:1814,0
DA:1822,0
DA:1829,0
DA:1830,0
DA:1831,0
DA:1833,0
DA:1840,0
DA:1843,0
DA:1844,0
DA:1847,0
DA:1848,0
DA:1850,0
DA:1857,0
DA:1858,0
DA:1859,0
DA:1866,0
DA:1867,0
DA:1868,0
DA:1871,0
DA:1872,0
DA:1876,0
DA:1877,0
DA:1878,0
DA:1881,0
DA:1882,0
DA:1885,0
DA:1886,0
DA:1894,0
DA:1901,0
DA:1908,0
DA:1912,0
LF:90
LH:0
BRDA:138,0,0,0
BRDA:138,0,1,0
BRDA:138,1,0,0
BRDA:138,1,1,0
BRDA:252,2,0,0
BRDA:252,2,1,0
BRDA:501,3,0,0
BRDA:501,3,1,0
BRDA:924,4,0,0
BRDA:924,4,1,0
BRDA:1783,5,0,0
BRDA:1783,5,1,0
BRDA:1829,6,0,0
BRDA:1829,6,1,0
BRDA:1829,7,0,0
BRDA:1829,7,1,0
BRDA:1830,8,0,0
BRDA:1830,8,1,0
BRDA:1830,9,0,0
BRDA:1830,9,1,0
BRDA:1831,10,0,0
BRDA:1831,10,1,0
BRDA:1831,11,0,0
BRDA:1831,11,1,0
BRDA:1843,12,0,0
BRDA:1843,12,1,0
BRDA:1844,13,0,0
BRDA:1844,13,1,0
BRDA:1847,14,0,0
BRDA:1847,14,1,0
BRDA:1848,15,0,0
BRDA:1848,15,1,0
BRDA:1866,16,0,0
BRDA:1866,16,1,0
BRDA:1876,17,0,0
BRDA:1876,17,1,0
BRDA:1908,18,0,0
BRDA:1908,18,1,0
BRF:38
BRH:0
end_of_record
TN:
SF:server/services/GameService.js
FN:14,(anonymous_0)
FN:29,(anonymous_1)
FN:43,(anonymous_2)
FN:79,(anonymous_3)
FN:91,(anonymous_4)
FN:103,(anonymous_5)
FN:106,(anonymous_6)
FN:116,(anonymous_7)
FN:119,(anonymous_8)
FN:129,(anonymous_9)
FN:132,(anonymous_10)
FN:142,(anonymous_11)
FN:147,(anonymous_12)
FN:151,(anonymous_13)
FN:162,(anonymous_14)
FN:200,(anonymous_15)
FN:209,(anonymous_16)
FN:223,(anonymous_17)
FN:233,(anonymous_18)
FN:246,(anonymous_19)
FN:253,(anonymous_20)
FN:261,(anonymous_21)
FN:266,(anonymous_22)
FN:271,(anonymous_23)
FN:285,(anonymous_24)
FN:288,(anonymous_25)
FN:292,(anonymous_26)
FN:293,(anonymous_27)
FN:312,(anonymous_28)
FNF:29
FNH:0
FNDA:0,(anonymous_0)
FNDA:0,(anonymous_1)
FNDA:0,(anonymous_2)
FNDA:0,(anonymous_3)
FNDA:0,(anonymous_4)
FNDA:0,(anonymous_5)
FNDA:0,(anonymous_6)
FNDA:0,(anonymous_7)
FNDA:0,(anonymous_8)
FNDA:0,(anonymous_9)
FNDA:0,(anonymous_10)
FNDA:0,(anonymous_11)
FNDA:0,(anonymous_12)
FNDA:0,(anonymous_13)
FNDA:0,(anonymous_14)
FNDA:0,(anonymous_15)
FNDA:0,(anonymous_16)
FNDA:0,(anonymous_17)
FNDA:0,(anonymous_18)
FNDA:0,(anonymous_19)
FNDA:0,(anonymous_20)
FNDA:0,(anonymous_21)
FNDA:0,(anonymous_22)
FNDA:0,(anonymous_23)
FNDA:0,(anonymous_24)
FNDA:0,(anonymous_25)
FNDA:0,(anonymous_26)
FNDA:0,(anonymous_27)
FNDA:0,(anonymous_28)
DA:10,0
DA:11,0
DA:15,0
DA:16,0
DA:23,0
DA:30,0
DA:31,0
DA:32,0
DA:33,0
DA:34,0
DA:36,0
DA:44,0
DA:45,0
DA:46,0
DA:48,0
DA:49,0
DA:51,0
DA:52,0
DA:59,0
DA:60,0
DA:63,0
DA:64,0
DA:71,0
DA:72,0
DA:80,0
DA:81,0
DA:83,0
DA:84,0
DA:92,0
DA:93,0
DA:95,0
DA:96,0
DA:104,0
DA:105,0
DA:106,0
DA:108,0
DA:109,0
DA:117,0
DA:118,0
DA:119,0
DA:121,0
DA:122,0
DA:130,0
DA:131,0
DA:132,0
DA:134,0
DA:135,0
DA:143,0
DA:144,0
DA:145,0
DA:147,0
DA:148,0
DA:151,0
DA:154,0
DA:155,0
DA:163,0
DA:164,0
DA:165,0
DA:166,0
DA:170,0
DA:171,0
DA:173,0
DA:174,0
DA:178,0
DA:179,0
DA:180,0
DA:182,0
DA:192,0
DA:193,0
DA:201,0
DA:202,0
DA:204,0
DA:205,0
DA:206,0
DA:209,0
DA:210,0
DA:211,0
DA:214,0
DA:216,0
DA:224,0
DA:235,0
DA:247,0
DA:248,0
DA:253,0
DA:262,0
DA:263,0
DA:264,0
DA:266,0
DA:267,0
DA:268,0
DA:270,0
DA:271,0
DA:275,0
DA:277,0
DA:278,0
DA:286,0
DA:287,0
DA:288,0
DA:291,0
DA:292,0
DA:293,0
DA:295,0
DA:296,0
DA:297,0
DA:301,0
DA:302,0
DA:304,0
DA:305,0
DA:313,0
DA:315,0
DA:317,0
DA:318,0
DA:322,0
DA:329,0
DA:331,0
DA:336,0
LF:116
LH:0
BRDA:59,0,0,0
BRDA:59,0,1,0
BRDA:148,1,0,0
BRDA:148,1,1,0
BRDA:148,1,2,0
BRDA:148,1,3,0
BRDA:148,1,4,0
BRDA:165,2,0,0
BRDA:165,2,1,0
BRDA:173,3,0,0
BRDA:173,3,1,0
BRDA:180,4,0,0
BRDA:180,4,1,0
BRDA:210,5,0,0
BRDA:210,5,1,0
BRDA:211,6,0,0
BRDA:211,6,1,0
BRDA:252,7,0,0
BRDA:252,7,1,0
BRDA:267,8,0,0
BRDA:267,8,1,0
BRDA:270,9,0,0
BRDA:270,9,1,0
BRDA:291,10,0,0
BRDA:291,10,1,0
BRDA:295,11,0,0
BRDA:295,11,1,0
BRDA:295,12,0,0
BRDA:295,12,1,0
BRDA:317,13,0,0
BRDA:317,13,1,0
BRF:31
BRH:0
end_of_record
TN:
SF:server/services/SessionService.js
FN:14,(anonymous_0)
FN:22,(anonymous_1)
FN:42,(anonymous_2)
FN:64,(anonymous_3)
FN:76,(anonymous_4)
FN:88,(anonymous_5)
FN:100,(anonymous_6)
FN:107,(anonymous_7)
FN:114,(anonymous_8)
FN:121,(anonymous_9)
FN:128,(anonymous_10)
FN:144,(anonymous_11)
FN:160,(anonymous_12)
FN:167,(anonymous_13)
FN:171,(anonymous_14)
FN:185,(anonymous_15)
FN:193,(anonymous_16)
FN:208,(anonymous_17)
FN:210,(anonymous_18)
FN:216,(anonymous_19)
FN:226,(anonymous_20)
FN:234,(anonymous_21)
FNF:22
FNH:0
FNDA:0,(anonymous_0)
FNDA:0,(anonymous_1)
FNDA:0,(anonymous_2)
FNDA:0,(anonymous_3)
FNDA:0,(anonymous_4)
FNDA:0,(anonymous_5)
FNDA:0,(anonymous_6)
FNDA:0,(anonymous_7)
FNDA:0,(anonymous_8)
FNDA:0,(anonymous_9)
FNDA:0,(anonymous_10)
FNDA:0,(anonymous_11)
FNDA:0,(anonymous_12)
FNDA:0,(anonymous_13)
FNDA:0,(anonymous_14)
FNDA:0,(anonymous_15)
FNDA:0,(anonymous_16)
FNDA:0,(anonymous_17)
FNDA:0,(anonymous_18)
FNDA:0,(anonymous_19)
FNDA:0,(anonymous_20)
FNDA:0,(anonymous_21)
DA:11,0
DA:15,0
DA:16,0
DA:23,0
DA:24,0
DA:31,0
DA:32,0
DA:34,0
DA:35,0
DA:43,0
DA:44,0
DA:50,0
DA:51,0
DA:54,0
DA:56,0
DA:57,0
DA:65,0
DA:66,0
DA:68,0
DA:69,0
DA:77,0
DA:78,0
DA:80,0
DA:81,0
DA:89,0
DA:90,0
DA:92,0
DA:93,0
DA:101,0
DA:108,0
DA:115,0
DA:122,0
DA:129,0
DA:130,0
DA:131,0
DA:132,0
DA:134,0
DA:136,0
DA:137,0
DA:145,0
DA:146,0
DA:147,0
DA:148,0
DA:150,0
DA:152,0
DA:153,0
DA:161,0
DA:168,0
DA:169,0
DA:171,0
DA:172,0
DA:173,0
DA:175,0
DA:179,0
DA:187,0
DA:188,0
DA:190,0
DA:191,0
DA:193,0
DA:194,0
DA:195,0
DA:196,0
DA:197,0
DA:202,0
DA:209,0
DA:210,0
DA:212,0
DA:213,0
DA:216,0
DA:217,0
DA:220,0
DA:227,0
DA:229,0
DA:231,0
DA:232,0
DA:234,0
DA:235,0
DA:236,0
DA:241,0
DA:242,0
DA:245,0
DA:247,0
DA:252,0
LF:83
LH:0
BRDA:50,0,0,0
BRDA:50,0,1,0
BRDA:128,1,0,0
BRDA:131,2,0,0
BRDA:131,2,1,0
BRDA:147,3,0,0
BRDA:147,3,1,0
BRDA:172,4,0,0
BRDA:172,4,1,0
BRDA:194,5,0,0
BRDA:194,5,1,0
BRDA:196,6,0,0
BRDA:196,6,1,0
BRDA:212,7,0,0
BRDA:212,7,1,0
BRDA:235,8,0,0
BRDA:235,8,1,0
BRDA:241,9,0,0
BRDA:241,9,1,0
BRF:19
BRH:0
end_of_record
TN:
SF:server/utils/documentProcessor.js
FN:15,(anonymous_0)
FN:26,(anonymous_1)
FN:50,(anonymous_2)
FN:61,(anonymous_3)
FN:83,(anonymous_4)
FN:101,(anonymous_5)
FN:106,(anonymous_6)
FN:136,(anonymous_7)
FN:148,(anonymous_8)
FN:167,(anonymous_9)
FN:186,(anonymous_10)
FN:205,(anonymous_11)
FN:225,(anonymous_12)
FN:244,(anonymous_13)
FN:252,(anonymous_14)
FN:253,(anonymous_15)
FN:257,(anonymous_16)
FN:263,(anonymous_17)
FN:265,(anonymous_18)
FN:271,(anonymous_19)
FN:324,(anonymous_20)
FN:341,(anonymous_21)
FN:360,(anonymous_22)
FN:378,(anonymous_23)
FN:379,(anonymous_24)
FN:385,(anonymous_25)
FN:394,(anonymous_26)
FN:406,(anonymous_27)
FN:412,(anonymous_28)
FN:431,(anonymous_29)
FN:455,(anonymous_30)
FN:465,(anonymous_31)
FNF:32
FNH:0
FNDA:0,(anonymous_0)
FNDA:0,(anonymous_1)
FNDA:0,(anonymous_2)
FNDA:0,(anonymous_3)
FNDA:0,(anonymous_4)
FNDA:0,(anonymous_5)
FNDA:0,(anonymous_6)
FNDA:0,(anonymous_7)
FNDA:0,(anonymous_8)
FNDA:0,(anonymous_9)
FNDA:0,(anonymous_10)
FNDA:0,(anonymous_11)
FNDA:0,(anonymous_12)
FNDA:0,(anonymous_13)
FNDA:0,(anonymous_14)
FNDA:0,(anonymous_15)
FNDA:0,(anonymous_16)
FNDA:0,(anonymous_17)
FNDA:0,(anonymous_18)
FNDA:0,(anonymous_19)
FNDA:0,(anonymous_20)
FNDA:0,(anonymous_21)
FNDA:0,(anonymous_22)
FNDA:0,(anonymous_23)
FNDA:0,(anonymous_24)
FNDA:0,(anonymous_25)
FNDA:0,(anonymous_26)
FNDA:0,(anonymous_27)
FNDA:0,(anonymous_28)
FNDA:0,(anonymous_29)
FNDA:0,(anonymous_30)
FNDA:0,(anonymous_31)
DA:11,0
DA:12,0
DA:16,0
DA:17,0
DA:18,0
DA:20,0
DA:27,0
DA:28,0
DA:30,0
DA:42,0
DA:43,0
DA:51,0
DA:53,0
DA:54,0
DA:57,0
DA:58,0
DA:59,0
DA:61,0
DA:62,0
DA:63,0
DA:64,0
DA:65,0
DA:69,0
DA:75,0
DA:76,0
DA:84,0
DA:85,0
DA:87,0
DA:102,0
DA:103,0
DA:104,0
DA:106,0
DA:107,0
DA:109,0
DA:110,0
DA:111,0
DA:113,0
DA:121,0
DA:122,0
DA:123,0
DA:124,0
DA:125,0
DA:130,0
DA:137,0
DA:138,0
DA:139,0
DA:140,0
DA:141,0
DA:149,0
DA:150,0
DA:153,0
DA:154,0
DA:161,0
DA:168,0
DA:169,0
DA:172,0
DA:173,0
DA:180,0
DA:187,0
DA:188,0
DA:191,0
DA:192,0
DA:199,0
DA:207,0
DA:208,0
DA:209,0
DA:213,0
DA:214,0
DA:215,0
DA:219,0
DA:226,0
DA:227,0
DA:230,0
DA:231,0
DA:238,0
DA:246,0
DA:251,0
DA:252,0
DA:253,0
DA:256,0
DA:257,0
DA:258,0
DA:262,0
DA:263,0
DA:265,0
DA:276,0
DA:278,0
DA:279,0
DA:287,0
DA:288,0
DA:290,0
DA:291,0
DA:294,0
DA:295,0
DA:296,0
DA:298,0
DA:299,0
DA:300,0
DA:304,0
DA:306,0
DA:307,0
DA:315,0
DA:318,0
DA:330,0
DA:333,0
DA:336,0
DA:341,0
DA:361,0
DA:379,0
DA:386,0
DA:387,0
DA:388,0
DA:395,0
DA:408,0
DA:409,0
DA:410,0
DA:412,0
DA:417,0
DA:418,0
DA:421,0
DA:422,0
DA:425,0
DA:432,0
DA:434,0
DA:435,0
DA:438,0
DA:439,0
DA:442,0
DA:443,0
DA:446,0
DA:456,0
DA:465,0
DA:466,0
DA:467,0
DA:468,0
DA:471,0
DA:472,0
DA:475,0
DA:476,0
DA:479,0
DA:481,0
DA:485,0
LF:142
LH:0
BRDA:53,0,0,0
BRDA:53,0,1,0
BRDA:63,1,0,0
BRDA:63,1,1,0
BRDA:63,2,0,0
BRDA:63,2,1,0
BRDA:109,3,0,0
BRDA:109,3,1,0
BRDA:121,4,0,0
BRDA:121,4,1,0
BRDA:124,5,0,0
BRDA:124,5,1,0
BRDA:137,6,0,0
BRDA:137,6,1,0
BRDA:139,7,0,0
BRDA:139,7,1,0
BRDA:155,8,0,0
BRDA:155,8,1,0
BRDA:208,9,0,0
BRDA:208,9,1,0
BRDA:214,10,0,0
BRDA:214,10,1,0
BRDA:258,11,0,0
BRDA:258,11,1,0
BRDA:271,12,0,0
BRDA:273,13,0,0
BRDA:274,14,0,0
BRDA:275,15,0,0
BRDA:278,16,0,0
BRDA:278,16,1,0
BRDA:294,17,0,0
BRDA:294,17,1,0
BRDA:294,18,0,0
BRDA:294,18,1,0
BRDA:299,19,0,0
BRDA:299,19,1,0
BRDA:306,20,0,0
BRDA:306,20,1,0
BRDA:326,21,0,0
BRDA:327,22,0,0
BRDA:328,23,0,0
BRDA:329,24,0,0
BRDA:342,25,0,0
BRDA:342,25,1,0
BRDA:408,26,0,0
BRDA:408,26,1,0
BRDA:408,27,0,0
BRDA:408,27,1,0
BRDA:417,28,0,0
BRDA:417,28,1,0
BRDA:418,29,0,0
BRDA:418,29,1,0
BRDA:421,30,0,0
BRDA:421,30,1,0
BRDA:422,31,0,0
BRDA:422,31,1,0
BRDA:434,32,0,0
BRDA:434,32,1,0
BRDA:434,33,0,0
BRDA:434,33,1,0
BRDA:438,34,0,0
BRDA:438,34,1,0
BRDA:438,35,0,0
BRDA:438,35,1,0
BRDA:442,36,0,0
BRDA:442,36,1,0
BRDA:442,37,0,0
BRDA:442,37,1,0
BRDA:466,38,0,0
BRDA:466,38,1,0
BRDA:468,39,0,0
BRDA:468,39,1,0
BRDA:471,40,0,0
BRDA:471,40,1,0
BRDA:472,41,0,0
BRDA:472,41,1,0
BRDA:475,42,0,0
BRDA:475,42,1,0
BRDA:476,43,0,0
BRDA:476,43,1,0
BRF:80
BRH:0
end_of_record
TN:
SF:server/utils/envValidator.js
FN:14,(anonymous_0)
FN:29,(anonymous_1)
FN:44,(anonymous_2)
FN:45,(anonymous_3)
FN:46,(anonymous_4)
FN:47,(anonymous_5)
FN:48,(anonymous_6)
FN:49,(anonymous_7)
FN:50,(anonymous_8)
FN:53,(anonymous_9)
FN:58,(anonymous_10)
FN:63,(anonymous_11)
FN:72,(anonymous_12)
FN:124,(anonymous_13)
FN:130,(anonymous_14)
FN:140,(anonymous_15)
FN:171,(anonymous_16)
FN:232,(anonymous_17)
FNF:18
FNH:0
FNDA:0,(anonymous_0)
FNDA:0,(anonymous_1)
FNDA:0,(anonymous_2)
FNDA:0,(anonymous_3)
FNDA:0,(anonymous_4)
FNDA:0,(anonymous_5)
FNDA:0,(anonymous_6)
FNDA:0,(anonymous_7)
FNDA:0,(anonymous_8)
FNDA:0,(anonymous_9)
FNDA:0,(anonymous_10)
FNDA:0,(anonymous_11)
FNDA:0,(anonymous_12)
FNDA:0,(anonymous_13)
FNDA:0,(anonymous_14)
FNDA:0,(anonymous_15)
FNDA:0,(anonymous_16)
FNDA:0,(anonymous_17)
DA:10,0
DA:11,0
DA:15,0
DA:16,0
DA:17,0
DA:18,0
DA:21,0
DA:23,0
DA:31,0
DA:34,0
DA:35,0
DA:36,0
DA:37,0
DA:38,0
DA:39,0
DA:40,0
DA:41,0
DA:44,0
DA:45,0
DA:46,0
DA:47,0
DA:48,0
DA:49,0
DA:50,0
DA:53,0
DA:54,0
DA:55,0
DA:58,0
DA:59,0
DA:60,0
DA:63,0
DA:64,0
DA:65,0
DA:73,0
DA:74,0
DA:75,0
DA:78,0
DA:79,0
DA:80,0
DA:82,0
DA:86,0
DA:87,0
DA:89,0
DA:90,0
DA:91,0
DA:94,0
DA:95,0
DA:96,0
DA:99,0
DA:105,0
DA:106,0
DA:108,0
DA:109,0
DA:110,0
DA:113,0
DA:119,0
DA:122,0
DA:123,0
DA:124,0
DA:125,0
DA:128,0
DA:129,0
DA:130,0
DA:133,0
DA:134,0
DA:141,0
DA:148,0
DA:149,0
DA:151,0
DA:152,0
DA:153,0
DA:157,0
DA:158,0
DA:162,0
DA:163,0
DA:172,0
DA:174,0
DA:233,0
DA:268,0
DA:269,0
DA:271,0
DA:272,0
DA:277,0
DA:279,0
LF:84
LH:0
BRDA:55,0,0,0
BRDA:55,0,1,0
BRDA:79,1,0,0
BRDA:79,1,1,0
BRDA:89,2,0,0
BRDA:89,2,1,0
BRDA:94,3,0,0
BRDA:94,3,1,0
BRDA:94,4,0,0
BRDA:94,4,1,0
BRDA:99,5,0,0
BRDA:99,5,1,0
BRDA:106,6,0,0
BRDA:106,6,1,0
BRDA:108,7,0,0
BRDA:108,7,1,0
BRDA:108,8,0,0
BRDA:108,8,1,0
BRDA:113,9,0,0
BRDA:113,9,1,0
BRDA:122,10,0,0
BRDA:122,10,1,0
BRDA:128,11,0,0
BRDA:128,11,1,0
BRDA:151,12,0,0
BRDA:151,12,1,0
BRDA:157,13,0,0
BRDA:157,13,1,0
BRDA:157,14,0,0
BRDA:157,14,1,0
BRDA:162,15,0,0
BRDA:162,15,1,0
BRDA:162,16,0,0
BRDA:162,16,1,0
BRDA:192,17,0,0
BRDA:192,17,1,0
BRDA:199,18,0,0
BRDA:199,18,1,0
BRDA:224,19,0,0
BRDA:224,19,1,0
BRF:40
BRH:0
end_of_record
TN:
SF:server/utils/htmlGenerator.js
FN:11,(anonymous_0)
FN:19,(anonymous_1)
FN:58,(anonymous_2)
FN:351,(anonymous_3)
FN:393,(anonymous_4)
FN:413,(anonymous_5)
FN:425,(anonymous_6)
FN:467,(anonymous_7)
FN:516,(anonymous_8)
FN:793,(anonymous_9)
FN:811,(anonymous_10)
FN:835,(anonymous_11)
FNF:12
FNH:0
FNDA:0,(anonymous_0)
FNDA:0,(anonymous_1)
FNDA:0,(anonymous_2)
FNDA:0,(anonymous_3)
FNDA:0,(anonymous_4)
FNDA:0,(anonymous_5)
FNDA:0,(anonymous_6)
FNDA:0,(anonymous_7)
FNDA:0,(anonymous_8)
FNDA:0,(anonymous_9)
FNDA:0,(anonymous_10)
FNDA:0,(anonymous_11)
DA:12,0
DA:13,0
DA:20,0
DA:59,0
DA:352,0
DA:394,0
DA:414,0
DA:426,0
DA:428,0
DA:467,0
DA:492,0
DA:510,0
DA:517,0
DA:582,0
DA:787,0
DA:794,0
DA:805,0
DA:813,0
DA:829,0
DA:836,0
DA:852,0
DA:856,0
LF:22
LH:0
BRDA:19,0,0,0
BRDA:19,1,0,0
BRDA:426,2,0,0
BRDA:426,3,0,0
BRDA:426,4,0,0
BRDA:437,5,0,0
BRDA:437,5,1,0
BRDA:441,6,0,0
BRDA:441,6,1,0
BRDA:445,7,0,0
BRDA:445,7,1,0
BRDA:469,8,0,0
BRDA:469,8,1,0
BRDA:472,9,0,0
BRDA:472,9,1,0
BRDA:473,10,0,0
BRDA:473,10,1,0
BRDA:474,11,0,0
BRDA:474,11,1,0
BRDA:521,12,0,0
BRDA:521,12,1,0
BRDA:586,13,0,0
BRDA:586,13,1,0
BRDA:818,14,0,0
BRDA:818,14,1,0
BRDA:819,15,0,0
BRDA:819,15,1,0
BRDA:841,16,0,0
BRDA:841,16,1,0
BRDA:842,17,0,0
BRDA:842,17,1,0
BRF:31
BRH:0
end_of_record
TN:
SF:server/utils/responseHelper.js
FN:11,(anonymous_0)
FN:21,(anonymous_1)
FN:38,(anonymous_2)
FN:51,(anonymous_3)
FN:79,(anonymous_4)
FN:93,(anonymous_5)
FN:123,(anonymous_6)
FN:144,(anonymous_7)
FN:163,(anonymous_8)
FN:179,(anonymous_9)
FN:195,(anonymous_10)
FN:217,(anonymous_11)
FN:236,(anonymous_12)
FN:255,(anonymous_13)
FN:259,(anonymous_14)
FN:262,(anonymous_15)
FN:277,(anonymous_16)
FN:289,(anonymous_17)
FN:293,(anonymous_18)
FN:306,(anonymous_19)
FN:321,(anonymous_20)
FN:340,(anonymous_21)
FN:379,(anonymous_22)
FN:388,(anonymous_23)
FN:393,(anonymous_24)
FN:428,(anonymous_25)
FN:432,(anonymous_26)
FN:444,(anonymous_27)
FN:456,(anonymous_28)
FN:470,(anonymous_29)
FN:477,(anonymous_30)
FN:488,(anonymous_31)
FN:492,(anonymous_32)
FNF:33
FNH:7
FNDA:2,(anonymous_0)
FNDA:11,(anonymous_1)
FNDA:0,(anonymous_2)
FNDA:0,(anonymous_3)
FNDA:0,(anonymous_4)
FNDA:0,(anonymous_5)
FNDA:0,(anonymous_6)
FNDA:0,(anonymous_7)
FNDA:0,(anonymous_8)
FNDA:0,(anonymous_9)
FNDA:0,(anonymous_10)
FNDA:0,(anonymous_11)
FNDA:0,(anonymous_12)
FNDA:0,(anonymous_13)
FNDA:0,(anonymous_14)
FNDA:0,(anonymous_15)
FNDA:0,(anonymous_16)
FNDA:0,(anonymous_17)
FNDA:0,(anonymous_18)
FNDA:0,(anonymous_19)
FNDA:0,(anonymous_20)
FNDA:11,(anonymous_21)
FNDA:0,(anonymous_22)
FNDA:0,(anonymous_23)
FNDA:0,(anonymous_24)
FNDA:1,(anonymous_25)
FNDA:5,(anonymous_26)
FNDA:0,(anonymous_27)
FNDA:1,(anonymous_28)
FNDA:0,(anonymous_29)
FNDA:3,(anonymous_30)
FNDA:0,(anonymous_31)
FNDA:0,(anonymous_32)
DA:12,2
DA:13,2
DA:15,2
DA:27,11
DA:29,11
DA:38,11
DA:39,0
DA:43,11
DA:45,11
DA:58,0
DA:61,0
DA:62,0
DA:65,0
DA:74,0
DA:75,0
DA:79,0
DA:80,0
DA:84,0
DA:85,0
DA:87,0
DA:98,0
DA:100,0
DA:116,0
DA:117,0
DA:127,0
DA:129,0
DA:131,0
DA:148,0
DA:150,0
DA:167,0
DA:169,0
DA:183,0
DA:185,0
DA:201,0
DA:203,0
DA:222,0
DA:224,0
DA:240,0
DA:242,0
DA:250,0
DA:252,0
DA:254,0
DA:256,0
DA:257,0
DA:260,0
DA:263,0
DA:268,0
DA:269,0
DA:281,0
DA:283,0
DA:289,0
DA:290,0
DA:293,0
DA:294,0
DA:295,0
DA:296,0
DA:297,0
DA:310,0
DA:312,0
DA:314,0
DA:315,0
DA:322,0
DA:325,0
DA:333,0
DA:334,0
DA:342,11
DA:343,11
DA:344,11
DA:345,11
DA:347,11
DA:348,3
DA:357,11
DA:358,11
DA:359,11
DA:361,11
DA:362,11
DA:363,0
DA:364,0
DA:368,11
DA:369,0
DA:370,0
DA:373,11
DA:380,0
DA:381,0
DA:382,0
DA:390,0
DA:393,0
DA:399,0
DA:413,0
DA:414,0
DA:417,0
DA:420,0
DA:421,0
DA:429,1
DA:430,1
DA:432,1
DA:433,5
DA:434,1
DA:438,1
DA:446,0
DA:457,1
DA:459,1
DA:460,0
DA:467,1
DA:470,0
DA:478,3
DA:479,3
DA:480,3
DA:485,2
DA:488,2
DA:489,0
DA:492,2
DA:493,0
DA:496,2
LF:114
LH:37
BRDA:21,0,0,3
BRDA:23,1,0,3
BRDA:24,2,0,11
BRDA:25,3,0,11
BRDA:26,4,0,11
BRDA:32,5,0,11
BRDA:32,5,1,8
BRDA:33,6,0,11
BRDA:33,6,1,0
BRDA:51,7,0,0
BRDA:53,8,0,0
BRDA:54,9,0,0
BRDA:55,10,0,0
BRDA:56,11,0,0
BRDA:57,12,0,0
BRDA:61,13,0,0
BRDA:61,13,1,0
BRDA:67,14,0,0
BRDA:67,14,1,0
BRDA:68,15,0,0
BRDA:68,15,1,0
BRDA:69,16,0,0
BRDA:69,16,1,0
BRDA:74,17,0,0
BRDA:74,17,1,0
BRDA:74,18,0,0
BRDA:74,18,1,0
BRDA:85,19,0,0
BRDA:85,19,1,0
BRDA:93,20,0,0
BRDA:95,21,0,0
BRDA:96,22,0,0
BRDA:97,23,0,0
BRDA:111,24,0,0
BRDA:111,24,1,0
BRDA:112,25,0,0
BRDA:112,25,1,0
BRDA:123,26,0,0
BRDA:125,27,0,0
BRDA:126,28,0,0
BRDA:129,29,0,0
BRDA:129,29,1,0
BRDA:144,30,0,0
BRDA:144,31,0,0
BRDA:146,32,0,0
BRDA:147,33,0,0
BRDA:163,34,0,0
BRDA:163,35,0,0
BRDA:165,36,0,0
BRDA:166,37,0,0
BRDA:179,38,0,0
BRDA:179,39,0,0
BRDA:181,40,0,0
BRDA:182,41,0,0
BRDA:195,42,0,0
BRDA:197,43,0,0
BRDA:198,44,0,0
BRDA:199,45,0,0
BRDA:200,46,0,0
BRDA:217,47,0,0
BRDA:219,48,0,0
BRDA:220,49,0,0
BRDA:221,50,0,0
BRDA:227,51,0,0
BRDA:227,51,1,0
BRDA:228,52,0,0
BRDA:228,52,1,0
BRDA:236,53,0,0
BRDA:238,54,0,0
BRDA:239,55,0,0
BRDA:256,56,0,0
BRDA:256,56,1,0
BRDA:265,57,0,0
BRDA:265,57,1,0
BRDA:277,58,0,0
BRDA:277,59,0,0
BRDA:279,60,0,0
BRDA:280,61,0,0
BRDA:285,62,0,0
BRDA:285,62,1,0
BRDA:294,63,0,0
BRDA:294,63,1,0
BRDA:296,64,0,0
BRDA:296,64,1,0
BRDA:306,65,0,0
BRDA:308,66,0,0
BRDA:309,67,0,0
BRDA:312,68,0,0
BRDA:312,68,1,0
BRDA:321,69,0,0
BRDA:321,70,0,0
BRDA:322,71,0,0
BRDA:322,71,1,0
BRDA:323,72,0,0
BRDA:323,72,1,0
BRDA:330,73,0,0
BRDA:330,73,1,0
BRDA:342,74,0,11
BRDA:342,74,1,0
BRDA:342,74,2,0
BRDA:343,75,0,11
BRDA:343,75,1,0
BRDA:343,75,2,0
BRDA:347,76,0,3
BRDA:347,76,1,8
BRDA:361,77,0,11
BRDA:361,77,1,0
BRDA:363,78,0,0
BRDA:363,78,1,0
BRDA:368,79,0,0
BRDA:368,79,1,11
BRDA:381,80,0,0
BRDA:381,80,1,0
BRDA:390,81,0,0
BRDA:390,81,1,0
BRDA:390,81,2,0
BRDA:404,82,0,0
BRDA:404,82,1,0
BRDA:405,83,0,0
BRDA:405,83,1,0
BRDA:406,84,0,0
BRDA:406,84,1,0
BRDA:406,84,2,0
BRDA:413,85,0,0
BRDA:413,85,1,0
BRDA:420,86,0,0
BRDA:420,86,1,0
BRDA:433,87,0,1
BRDA:433,87,1,4
BRDA:449,88,0,0
BRDA:449,88,1,0
BRDA:462,89,0,0
BRDA:462,89,1,0
BRDA:463,90,0,0
BRDA:463,90,1,0
BRDA:493,91,0,0
BRDA:493,91,1,0
BRF:137
BRH:16
end_of_record
